# timestamp workers_connected workers_init workers_idle workers_busy workers_able workers_joined workers_removed workers_released workers_idled_out workers_blocked workers_fast_aborted workers_lost tasks_waiting tasks_on_workers tasks_running tasks_with_results tasks_submitted tasks_dispatched tasks_done tasks_failed tasks_cancelled tasks_exhausted_attempts time_send time_receive time_send_good time_receive_good time_status_msgs time_internal time_polling time_application time_execute time_execute_good time_execute_exhaustion bytes_sent bytes_received bandwidth capacity_tasks capacity_cores capacity_memory capacity_disk capacity_instantaneous capacity_weighted manager_load total_cores total_memory total_disk committed_cores committed_memory committed_disk max_cores max_memory max_disk min_cores min_memory min_disk
1743623362158096 0 0 0 0 0 0 0 0 0 0 0 0 0 0 0 0 0 0 0 0 0 0 0 0 0 0 0 0 0 0 0 0 0 0 0 1.000000 10 10 5120 10240 10 10 0.000000 0 0 0 0 0 0 0 0 0 0 0 0
1743623890067525 0 0 0 0 0 0 0 0 0 0 0 0 572 0 0 0 572 0 0 0 0 0 67051 17888 0 0 721 263316 526099268 1460234 0 0 0 0 0 1.000000 10 10 5120 10240 10 10 0.512821 0 0 0 0 0 0 0 0 0 0 0 0
1743623895118363 7 0 4 3 7 7 0 0 0 0 0 0 569 3 1 0 572 2 0 0 0 0 4778047 18136 0 0 2339 263767 526100239 1460257 0 0 0 1180473420 0 234.725652 10 10 5120 10240 10 10 0.456064 14 112000 700000 4 32000 200000 2 16000 100000 0 0 0
1743623900371594 12 0 3 9 12 12 0 0 0 0 0 0 563 9 7 0 572 8 0 0 0 0 7044717 18318 0 0 3646 264243 526100336 1460281 0 0 0 3541420262 0 478.174262 10 10 5120 10240 10 10 0.425571 24 192000 1200000 16 128000 800000 2 16000 100000 0 0 0
1743623908031580 12 0 2 10 12 12 0 0 0 0 0 0 562 10 8 0 572 9 0 0 0 0 10365623 18329 0 0 3672 264362 526100352 1460428 0 0 0 3934911402 0 361.386873 10 10 5120 10240 10 10 0.404292 24 192000 1200000 18 144000 900000 2 16000 100000 0 0 0
1743623924774549 12 0 1 11 12 12 0 0 0 0 0 0 554 11 8 0 572 17 7 0 0 0 18031070 471296 0 447518 5839 291247 526100430 1658014 68833897 68833897 0 4328404337 18370 223.101498 10 20 160000 1000000 2 10 0.387434 24 192000 1200000 20 160000 1000000 2 16000 100000 0 0 0
1743623938162857 12 0 0 12 12 12 0 0 0 0 0 0 543 12 10 0 572 28 17 0 0 0 34228281 1220261 0 1187817 9476 292669 526100543 1879629 122501633 122501633 0 4721898046 44854 127.034722 10 20 160000 1000000 1 10 0.360184 24 192000 1200000 22 176000 1100000 2 16000 100000 0 0 0
1743623945265599 18 0 5 13 18 18 0 0 0 0 0 0 531 13 12 0 572 40 28 0 0 0 46634116 2528968 0 2348132 809859 294573 526100711 2607908 150246239 150246239 0 5115392008 74190 99.230730 10 20 160000 1000000 1 10 0.445287 36 288000 1800000 24 192000 1200000 2 16000 100000 0 0 0
1743623950269939 18 0 11 7 18 18 0 0 0 0 0 0 526 7 5 0 572 45 39 0 0 0 51028332 4888436 0 4420117 1369006 296966 526100855 4293283 165321033 165321033 0 5115393290 103644 87.246066 10 20 160000 1000000 1 10 0.529637 36 288000 1800000 12 96000 600000 2 16000 100000 0 0 0
1743623963675090 18 0 4 14 18 18 0 0 0 0 0 0 519 14 12 0 572 52 39 0 0 0 51300725 4888502 0 4420117 1369199 297158 526100889 4293283 165321033 165321033 0 5508885967 103644 93.501587 10 20 160000 1000000 1 10 0.369865 36 288000 1800000 26 208000 1300000 2 16000 100000 0 0 0
1743623969366634 18 0 3 15 18 18 0 0 0 0 0 0 505 15 12 0 572 66 52 0 0 0 64576695 6217914 0 5505949 1899733 299190 526101111 5423811 204163591 204163591 0 5902380442 138458 79.512844 10 20 160000 1000000 1 10 0.329924 36 288000 1800000 28 224000 1400000 2 16000 100000 0 0 0
1743623976769101 18 0 2 16 18 18 0 0 0 0 0 0 491 16 14 0 572 80 65 0 0 0 67433229 8184973 0 6985881 2069621 648263 526101279 6814549 223627379 223627379 0 6295874913 173323 79.403891 10 20 160000 1000000 1 10 0.319926 36 288000 1800000 30 240000 1500000 2 16000 100000 0 0 0
1743623982361147 18 0 14 4 18 18 0 0 0 0 0 0 491 4 1 3 572 81 77 0 0 0 70789970 11313704 0 9682819 2359010 793443 526101377 8539788 266579815 262238439 0 6295874913 205427 73.132051 10 20 160000 1000000 3 10 0.613174 36 288000 1800000 10 80000 500000 2 16000 100000 0 0 0
1743623988032515 20 0 0 20 20 20 0 0 0 0 0 0 435 20 20 1 572 137 117 0 0 0 72944294 12281878 0 10148596 2373223 802436 528405806 9063888 317603084 316081416 0 7869852816 312662 88.066547 10 20 160000 1000000 244 110 0.499633 40 320000 2000000 40 320000 2000000 2 16000 100000 0 0 0
1743623993032879 20 0 0 20 20 20 0 0 0 0 0 0 383 20 20 1 572 189 169 0 0 0 74087824 12550566 0 10368842 2397299 809860 531499764 9526515 419418097 409919742 0 7869866151 452318 86.632734 24 48 384000 2400000 234 245 0.501086 40 320000 2000000 40 320000 2000000 2 16000 100000 0 0 0
1743623998042955 20 0 0 20 20 20 0 0 0 0 0 0 316 20 20 1 572 256 236 0 0 0 75657915 12880178 0 10640273 2422937 818476 533994838 10107429 545205477 543821416 0 7869883340 631843 84.776032 101 202 1616000 10100000 288 212 0.502740 40 320000 2000000 40 320000 2000000 2 16000 100000 0 0 0
1743624003101425 20 0 0 20 20 20 0 0 0 0 0 0 248 20 20 1 572 324 304 0 0 0 76865026 13228723 0 10927972 2450384 826319 536870180 10699536 645333745 643646928 0 7869900785 814142 83.314312 134 268 2144000 13400000 122 179 0.487113 40 320000 2000000 40 320000 2000000 2 16000 100000 0 0 0
1743624008130408 20 0 0 20 20 20 0 0 0 0 0 0 185 20 20 1 572 387 367 0 0 0 78401308 13537695 0 11184747 2485474 833439 539453234 11257857 741624309 740271045 0 7869916943 983311 81.644081 139 278 2224000 13900000 263 225 0.503916 40 320000 2000000 40 320000 2000000 2 16000 100000 0 0 0
1743624013146524 20 0 0 20 20 20 0 0 0 0 0 0 119 20 20 1 572 453 433 0 0 0 79837814 13843748 0 11438557 2507126 840328 542113780 11842227 842469969 840911131 0 7869933875 1160388 80.127405 167 334 2672000 16700000 265 224 0.501053 40 320000 2000000 40 320000 2000000 2 16000 100000 0 0 0
1743624018196348 20 0 0 20 20 20 0 0 0 0 0 0 52 20 20 1 572 520 500 0 0 0 81390811 14149129 0 11689288 2531319 846874 544669385 12447190 941210311 939409708 0 7869951070 1340035 78.570786 139 278 2224000 13900000 161 205 0.500131 40 320000 2000000 40 320000 2000000 2 16000 100000 0 0 0
1743624023267852 20 0 6 14 20 20 0 0 0 0 0 0 0 14 14 1 572 572 558 0 0 0 82324584 14434770 0 11925467 2554232 852287 547915719 13024483 1037594621 1035711485 0 7869964415 1495861 77.582261 156 312 2496000 15600000 303 248 0.602233 40 320000 2000000 28 224000 1400000 2 16000 100000 0 0 0
1743624030689190 20 0 0 20 20 20 0 0 0 0 0 0 20 20 20 0 612 592 572 0 0 0 82429275 14511083 0 11990801 2563548 880580 554693374 13449788 1061784032 1061784032 0 7870066353 1533513 77.438776 168 336 2688000 16800000 536 510 0.385865 40 320000 2000000 40 320000 2000000 2 16000 100000 0 0 0
1743624038664499 20 0 0 20 20 20 0 0 0 0 0 0 40 20 20 1 632 592 572 0 0 0 82490708 14511146 0 11990801 2563554 880646 562080578 13975842 1074888710 1061784032 0 7870066353 1533513 77.389682 168 336 2688000 16800000 536 536 0.450907 40 320000 2000000 40 320000 2000000 2 16000 100000 0 0 0
1743624043990324 20 0 0 20 20 20 0 0 0 0 0 0 40 20 20 1 647 607 587 15 0 0 82812517 14652330 0 11990801 2569702 882007 566300948 14610874 1318279904 1061784032 0 7870071063 1598998 77.022740 453 906 7248000 45300000 3180 1686 0.502011 40 320000 2000000 40 320000 2000000 2 16000 100000 0 0 0
1743624052418745 20 0 0 20 20 20 0 0 0 0 0 0 40 20 20 1 652 612 592 20 0 0 83019793 14760956 0 11990801 2591977 882611 574182086 14819227 1411701914 1061784032 0 7870072632 1620784 76.774129 512 1024 8192000 51200000 209 2082 0.508054 40 320000 2000000 40 320000 2000000 2 16000 100000 0 0 0
1743624057598538 20 0 0 20 20 20 0 0 0 0 0 0 40 20 20 1 660 620 600 28 0 0 83232177 14795837 0 11990801 2595144 883357 578775525 15154548 1528021034 1061784032 0 7870075143 1655655 76.580838 685 1370 10960000 68500000 3594 2360 0.505533 40 320000 2000000 40 320000 2000000 2 16000 100000 0 0 0
1743624063890832 20 0 0 20 20 20 0 0 0 0 0 0 40 20 20 1 671 631 611 39 0 0 83512594 14914060 0 11990801 2600105 884577 584203149 15614312 1702355541 1061784032 0 7870078597 1703604 76.271175 848 1696 13568000 84800000 3118 2243 0.506390 40 320000 2000000 40 320000 2000000 2 16000 100000 0 0 0
1743624070192876 20 0 0 20 20 20 0 0 0 0 0 0 40 20 20 1 679 639 619 47 0 0 83721118 14946298 0 11990801 2603320 885295 589915072 15959814 1804807677 1061784032 0 7870081108 1738562 76.085425 920 1840 14720000 92000000 2539 2043 0.503840 40 320000 2000000 40 320000 2000000 2 16000 100000 0 0 0
1743624076011742 20 0 0 20 20 20 0 0 0 0 0 0 40 20 20 1 690 650 630 58 0 0 84028041 15001339 0 11990801 2607525 886320 594901360 16425009 1923033146 1061784032 0 7870084562 1786480 75.807818 1293 2586 20688000 129300000 675 1993 0.506345 40 320000 2000000 40 320000 2000000 2 16000 100000 0 0 0
1743624082188421 20 0 0 20 20 20 0 0 0 0 0 0 40 20 20 1 702 662 642 70 0 0 84336226 15081627 0 11990801 2623933 887374 600169295 16927871 2075109617 1061784032 0 7870088329 1838969 75.512141 1345 2690 21520000 134500000 2955 1708 0.505853 40 320000 2000000 40 320000 2000000 2 16000 100000 0 0 0
1743624088487271 20 0 0 20 20 20 0 0 0 0 0 0 40 20 20 1 709 669 649 77 0 0 84552152 15107816 0 11990801 2626689 888013 605930899 17219415 2150163741 1061784032 0 7870090527 1869506 75.329004 1315 2630 21040000 131500000 1557 2219 0.506717 40 320000 2000000 40 320000 2000000 2 16000 100000 0 0 0
1743624093814274 20 0 0 20 20 20 0 0 0 0 0 0 40 20 20 1 718 678 658 86 0 0 84825974 15161906 0 11990801 2630534 912044 610527603 17594028 2268593918 1061784032 0 7870093352 1908698 75.082362 1549 3098 24784000 154900000 3688 2507 0.505521 40 320000 2000000 40 320000 2000000 2 16000 100000 0 0 0
1743624098855635 20 0 0 20 20 20 0 0 0 0 0 0 40 20 20 1 730 690 670 98 0 0 85142911 15209892 0 11990801 2636150 913132 614684274 18106602 2407236796 1061784032 0 7870097120 1960981 74.809865 1776 3552 28416000 177600000 574 2299 0.507709 40 320000 2000000 40 320000 2000000 2 16000 100000 0 0 0
# timestamp workers_connected workers_init workers_idle workers_busy workers_able workers_joined workers_removed workers_released workers_idled_out workers_blocked workers_fast_aborted workers_lost tasks_waiting tasks_on_workers tasks_running tasks_with_results tasks_submitted tasks_dispatched tasks_done tasks_failed tasks_cancelled tasks_exhausted_attempts time_send time_receive time_send_good time_receive_good time_status_msgs time_internal time_polling time_application time_execute time_execute_good time_execute_exhaustion bytes_sent bytes_received bandwidth capacity_tasks capacity_cores capacity_memory capacity_disk capacity_instantaneous capacity_weighted manager_load total_cores total_memory total_disk committed_cores committed_memory committed_disk max_cores max_memory max_disk min_cores min_memory min_disk
1743625202375384 0 0 0 0 0 0 0 0 0 0 0 0 0 0 0 0 0 0 0 0 0 0 0 0 0 0 0 0 0 0 0 0 0 0 0 1.000000 10 10 5120 10240 10 10 0.000000 0 0 0 0 0 0 0 0 0 0 0 0
1743625225251067 1 0 0 1 1 1 0 0 0 0 0 0 571 1 0 0 572 0 0 0 0 0 4891 596 0 0 687 34190 18158298 1357011 0 0 0 393502551 0 1.000000 10 10 5120 10240 10 10 0.468898 2 16000 100000 0 0 0 2 16000 100000 0 0 0
1743625232240212 7 0 3 4 7 7 0 0 0 0 0 0 568 4 2 0 572 3 0 0 0 0 6993444 759 0 0 2039 34500 18158350 1357037 0 0 0 1574010204 0 214.619608 10 10 5120 10240 10 10 0.428684 14 112000 700000 6 48000 300000 2 16000 100000 0 0 0
1743625239590353 7 0 0 7 7 7 0 0 0 0 0 0 564 7 5 0 572 7 1 0 0 0 14302307 25603 0 21260 2409 35434 18158401 1369019 8050636 8050636 0 2754518113 2557 183.342554 10 10 5120 10240 10 10 0.376832 14 112000 700000 12 96000 600000 2 16000 100000 0 0 0
1743625246546009 14 0 0 14 14 14 0 0 0 0 0 0 551 14 13 0 572 20 7 0 0 0 19842560 58550 0 48666 6278 37870 19483801 1424249 35513854 35513854 0 5509037507 18400 263.997592 10 20 160000 1000000 5 20 0.475142 28 224000 1400000 26 208000 1300000 2 16000 100000 0 0 0
1743625251620452 16 0 0 16 16 16 0 0 0 0 0 0 516 16 16 1 572 56 40 0 0 0 24325054 210729 0 174275 17588 42172 22947303 1701885 153181854 151966155 0 6296051068 106416 244.723540 10 20 160000 1000000 202 156 0.501396 32 256000 1600000 32 256000 1600000 2 16000 100000 0 0 0
1743625256653744 20 0 0 20 20 20 0 0 0 0 0 0 464 20 20 1 572 108 88 0 0 0 26631624 421689 0 347194 33766 48527 25026747 2115526 263996391 254718266 0 7870073584 234870 277.441474 16 32 256000 1600000 103 152 0.503026 40 320000 2000000 40 320000 2000000 2 16000 100000 0 0 0
1743625261697911 20 0 0 20 20 20 0 0 0 0 0 0 401 20 20 1 572 171 151 0 0 0 27616735 730036 0 604457 53765 55525 28213283 2652616 361243640 359674630 0 7870089748 403918 264.788101 20 40 320000 2000000 161 206 0.501858 40 320000 2000000 40 320000 2000000 2 16000 100000 0 0 0
1743625266703064 20 0 1 19 20 20 0 0 0 0 0 0 330 19 19 1 572 242 223 0 0 0 28719241 1036979 0 854131 73585 90024 31123536 3283560 467245957 465788346 0 7870107960 597356 252.252790 72 144 1152000 7200000 249 187 0.528365 40 320000 2000000 38 304000 1900000 2 16000 100000 0 0 0
1743625271710166 20 0 0 20 20 20 0 0 0 0 0 0 248 20 19 0 572 323 304 0 0 0 29901362 1371130 0 1124256 95840 98755 33877156 3989132 576305574 576305574 0 7870128991 814750 240.029381 159 318 2544000 15900000 252 228 0.501511 40 320000 2000000 38 304000 1900000 2 16000 100000 0 0 0
1743625276716267 20 0 1 19 20 20 0 0 0 0 0 0 170 19 18 0 572 401 383 0 0 0 31089475 1696290 0 1387027 119188 106751 36649694 4678007 675599659 675599659 0 7870149001 1027013 228.957244 150 300 2400000 15000000 246 208 0.523868 40 320000 2000000 36 288000 1800000 2 16000 100000 0 0 0
1743625281730065 20 0 0 20 20 20 0 0 0 0 0 0 89 20 20 1 572 483 463 0 0 0 32307784 2144326 0 1770585 143511 114288 39224040 5419615 776281283 775244830 0 7870169779 1242013 217.889797 191 382 3056000 19100000 150 219 0.495591 40 320000 2000000 40 320000 2000000 2 16000 100000 0 0 0
1743625286765823 20 0 0 20 20 20 0 0 0 0 0 0 14 20 20 1 572 558 538 0 0 0 33441002 2454544 0 2022425 164571 120730 42114128 6094284 869944761 868916143 0 7870189023 1443551 209.133852 143 286 2288000 14300000 219 199 0.503391 40 320000 2000000 40 320000 2000000 2 16000 100000 0 0 0
1743625294306916 20 0 0 20 20 20 0 0 0 0 0 0 20 20 20 0 612 592 572 0 0 0 33700526 2594218 0 2136073 174283 123624 48559270 6778433 912116157 912116157 0 7870294553 1534847 206.838806 167 334 2672000 16700000 235 235 0.384663 40 320000 2000000 40 320000 2000000 2 16000 100000 0 0 0
1743625301132813 20 0 0 20 20 20 0 0 0 0 0 0 40 20 20 1 632 592 572 0 0 0 33759380 2594255 0 2136073 174288 123735 55201054 6903092 924032618 912116157 0 7870294553 1534847 206.503738 167 334 2672000 16700000 235 235 0.443570 40 320000 2000000 40 320000 2000000 2 16000 100000 0 0 0
1743625307518306 20 0 0 20 20 20 0 0 0 0 0 0 39 20 20 1 634 595 575 0 0 0 33859648 2672821 0 2211666 175623 124051 61332095 6977143 974825073 956526310 0 7870295495 3034169 205.532024 251 502 4016000 25100000 1444 399 0.492503 40 320000 2000000 40 320000 2000000 2 16000 100000 0 0 0
1743625312871749 20 0 0 20 20 20 0 0 0 0 0 0 38 30 30 1 653 615 585 0 0 0 34225056 2792601 0 2323284 178848 124963 65864310 7308977 1181579210 1157935566 0 7870301774 7994870 202.966092 623 1246 9968000 62300000 1991 1564 0.449476 40 320000 2000000 40 320000 2000000 2 16000 100000 0 0 0
1743625320979829 20 0 0 20 20 20 0 0 0 0 0 0 38 35 35 1 663 625 590 0 0 0 34469146 3044000 0 2570297 180745 125475 73310902 7472554 1301095190 1285428718 0 7870304914 10485888 200.348640 599 1198 9584000 59900000 1941 1343 0.468207 40 320000 2000000 40 320000 2000000 2 16000 100000 0 0 0
1743625326689171 20 0 0 20 20 20 0 0 0 0 0 0 39 38 38 1 672 633 595 0 0 0 34656248 4080388 0 3482087 182863 150619 77597738 7644312 1389807760 1371118412 0 7870307426 12982451 194.082188 301 590 4717715 29485715 937 943 0.480341 40 320000 2000000 40 320000 2000000 2 16000 100000 0 0 0
1743625332120588 20 0 0 20 20 20 0 0 0 0 0 0 39 38 38 1 681 642 604 0 0 0 34947740 4170212 0 3564602 186025 151690 82406619 7881269 1570199644 1548279292 0 7870310250 17491231 192.300294 391 695 5553796 34711225 1868 1504 0.504147 40 320000 2000000 40 320000 2000000 2 16000 100000 0 0 0
1743625337264785 20 0 0 20 20 20 0 0 0 0 0 0 39 39 39 1 690 651 612 0 0 0 35211007 5045476 0 4432744 188710 152450 86163317 8126834 1776699707 1761385484 0 7870313075 21479081 186.956210 343 560 4480000 28000000 406 1634 0.501991 40 320000 2000000 40 320000 2000000 2 16000 100000 0 0 0
1743625342269347 20 0 0 20 20 20 0 0 0 0 0 0 36 39 39 0 702 667 628 0 0 0 35504077 6529658 0 5866111 196866 153755 88947130 8497289 2141955464 2141955464 0 7870318099 29459252 179.232580 139 185 1475103 9219388 2058 904 0.500363 40 320000 2000000 39 312000 1950000 2 16000 100000 0 0 0
1743625348558703 20 0 0 20 20 20 0 0 0 0 0 0 39 40 40 1 713 674 634 0 0 0 35831879 6671775 0 6003246 199948 154387 94552428 8771252 2308505378 2287697312 0 7870320296 32428299 177.317658 141 170 1358205 8488776 1082 1443 0.505561 40 320000 2000000 40 320000 2000000 2 16000 100000 0 0 0
1743625355932230 34 0 4 30 34 34 0 0 0 0 0 0 52 58 56 0 750 697 640 0 0 0 39313398 6734278 0 6060750 205375 155542 94577691 9172650 2415322208 2415322208 0 11815228531 35409121 245.433641 137 149 1185470 7409184 102 520 0.394993 68 544000 3400000 57 456000 2850000 2 16000 100000 0 0 0
1743625361273441 40 0 5 35 40 40 0 0 0 0 0 0 76 67 65 0 789 712 646 0 0 0 44241070 6838687 0 6159991 208436 156333 94578084 9561978 2531527876 2531527876 0 13792652751 38373145 258.229384 99 104 824327 5152041 269 382 0.397787 80 640000 4000000 68 544000 3400000 2 16000 100000 0 0 0
1743625369566562 40 0 0 40 40 40 0 0 0 0 0 0 69 77 74 0 804 734 658 0 0 0 51905990 7096371 0 6308402 212220 157524 94578582 9919367 2811053844 2811053844 0 15760193919 44260785 255.452532 37 38 302041 1887756 44 80 0.253233 80 640000 4000000 78 624000 3900000 2 16000 100000 0 0 0
1743625375947602 40 0 0 40 40 40 0 0 0 0 0 0 79 80 80 1 839 760 680 0 0 0 56031946 7804364 0 6751293 219578 159693 98708074 10646807 3342714944 3324008026 0 15760211342 73314477 236.542916 24 25 199837 1248980 1626 1478 0.498886 80 640000 4000000 80 640000 4000000 2 16000 100000 0 0 0
1743625381451163 40 0 0 40 40 40 0 0 0 0 0 0 78 80 80 1 843 765 685 0 0 0 56329183 8019162 0 6961649 345670 160245 103444447 10775190 3496933646 3477118413 0 15760212914 75821550 234.697867 25 27 208164 1301021 165 1172 0.501996 80 640000 4000000 80 640000 4000000 2 16000 100000 0 0 0
1743625386586239 40 0 0 40 40 40 0 0 0 0 0 0 79 80 80 1 857 778 698 0 0 0 56971085 8256288 0 7184484 941518 198428 106671833 11169649 3894711682 3859311362 0 15760216999 82289024 231.629612 31 33 258123 1613266 85 537 0.504322 80 640000 4000000 80 640000 4000000 2 16000 100000 0 0 0
1743625391848891 40 0 0 40 40 40 0 0 0 0 0 0 79 80 80 1 875 796 716 0 0 0 57945996 8737963 0 7590658 947960 200696 109968117 11670590 4488993728 4458783851 0 15760222658 91235649 226.698128 97 101 807674 5047960 2712 1679 0.505050 80 640000 4000000 80 640000 4000000 2 16000 100000 0 0 0
1743625397759849 40 0 0 40 40 40 0 0 0 0 0 0 79 80 80 1 896 817 737 0 0 0 58968394 9001524 0 7836182 956258 202707 114009201 12244159 5071732247 5051813362 0 15760229266 101682713 222.555779 243 243 1944000 12150000 1413 1642 0.502679 80 640000 4000000 80 640000 4000000 2 16000 100000 0 0 0
1743625402890045 40 0 0 40 40 40 0 0 0 0 0 0 79 80 80 1 916 837 757 0 0 0 59830249 9446768 0 8265188 1004597 204616 117236375 12789862 5637442106 5607854450 0 15760235557 111587173 218.493093 221 221 1768000 11050000 3159 1751 0.494532 80 640000 4000000 80 640000 4000000 2 16000 100000 0 0 0
1743625408388927 40 0 0 40 40 40 0 0 0 0 0 0 79 80 80 1 929 850 770 0 0 0 60523293 9576320 0 8384282 1008640 205899 121567440 13129592 6026682459 5956875978 0 15760239646 117634703 216.011477 215 215 1720000 10750000 1210 1575 0.504805 80 640000 4000000 80 640000 4000000 2 16000 100000 0 0 0
1743625413461997 40 0 0 40 40 40 0 0 0 0 0 0 79 80 80 1 938 859 779 0 0 0 60992221 9712080 0 8511961 1011638 207007 125754619 13406877 6286412408 6259574892 0 15760242479 122120561 214.224616 148 148 1184000 7400000 530 1805 0.504513 80 640000 4000000 80 640000 4000000 2 16000 100000 0 0 0
1743625418622776 40 0 0 40 40 40 0 0 0 0 0 0 79 80 80 1 961 882 802 0 0 0 62170885 10002970 0 8784342 1017886 209299 128763448 14080693 6898360630 6876572965 0 15760249720 133514171 210.013369 166 166 1328000 8300000 2718 1917 0.504476 80 640000 4000000 80 640000 4000000 2 16000 100000 0 0 0
1743625423830066 40 0 0 40 40 40 0 0 0 0 0 0 79 80 80 1 979 900 820 0 0 0 62931381 10316831 0 9083131 1022894 210988 132374574 14595767 7360161638 7338151201 0 15760255386 142495902 207.050043 167 167 1336000 8350000 2758 1532 0.502276 80 640000 4000000 80 640000 4000000 2 16000 100000 0 0 0
1743625429193727 40 0 0 40 40 40 0 0 0 0 0 0 78 80 80 1 990 912 832 0 0 0 63502479 11049204 0 9793565 1310013 212162 135805891 14936319 7659711241 7631695099 0 15760259164 148451161 203.506183 213 213 1704000 10650000 588 1522 0.501557 80 640000 4000000 80 640000 4000000 2 16000 100000 0 0 0
1743625434503640 40 0 0 40 40 40 0 0 0 0 0 0 79 80 80 1 1015 936 856 0 0 0 64483158 11374651 0 10099046 1317865 214390 139136925 15598921 8301750586 8273061117 0 15760266721 160368113 200.152110 471 471 3768000 23550000 774 1418 0.498529 80 640000 4000000 80 640000 4000000 2 16000 100000 0 0 0
1743625439555219 40 0 0 40 40 40 0 0 0 0 0 0 78 80 80 1 1021 943 863 0 0 0 64906936 11550993 0 10225062 1320187 215145 143407115 15777093 8462773949 8442146163 0 15760268925 163848823 198.624555 493 493 3944000 24650000 1384 1685 0.501829 80 640000 4000000 80 640000 4000000 2 16000 100000 0 0 0
1743625444753869 40 0 0 40 40 40 0 0 0 0 0 0 79 80 80 1 1043 964 884 0 0 0 65917964 11819284 0 10476492 1326979 242459 146705402 16363947 8983217603 8958184991 0 15760275538 174215693 195.483059 1185 1185 9480000 59250000 692 1938 0.504949 80 640000 4000000 80 640000 4000000 2 16000 100000 0 0 0
1743625450021051 40 0 0 40 40 40 0 0 0 0 0 0 79 80 80 1 1060 981 901 0 0 0 66707846 12204503 0 10788853 1333980 244148 150302124 16850591 9435209103 9406153724 0 15760280891 182666408 192.674272 949 949 7592000 47450000 1960 1546 0.497518 80 640000 4000000 80 640000 4000000 2 16000 100000 0 0 0
1743625455159590 40 0 0 40 40 40 0 0 0 0 0 0 78 80 80 1 1071 993 913 0 0 0 67302658 12700757 0 11097449 1338408 245670 154002923 17191285 9739831314 9718184457 0 15760284668 188622386 190.117672 920 920 7360000 46000000 1209 1693 0.501870 80 640000 4000000 80 640000 4000000 2 16000 100000 0 0 0
1743625460171370 40 0 0 40 40 40 0 0 0 0 0 0 78 79 79 0 1084 1007 928 0 0 0 67947411 12927349 0 11312140 1540302 247053 157560617 17549873 10125651037 10125651037 0 15760289077 196014072 188.156558 665 665 5320000 33250000 2347 1548 0.522246 80 640000 4000000 79 632000 3950000 2 16000 100000 0 0 0
1743625465176892 40 0 0 40 40 40 0 0 0 0 0 0 79 79 79 0 1112 1033 954 0 0 0 68903982 13349937 0 11724763 1548763 250036 160391973 18342372 10782448845 10782448845 0 15760297263 208982864 185.152179 630 630 5040000 31500000 1908 1296 0.490185 80 640000 4000000 80 640000 4000000 2 16000 100000 0 0 0
1743625470382038 40 0 0 40 40 40 0 0 0 0 0 0 79 80 80 1 1122 1043 963 0 0 0 69483262 13506031 0 11859954 1552834 251215 164600499 18610213 11017860193 10990400605 0 15760300413 213447555 183.562874 646 646 5168000 32300000 1988 1555 0.502875 80 640000 4000000 80 640000 4000000 2 16000 100000 0 0 0
1743625475641051 40 0 0 40 40 40 0 0 0 0 0 0 79 80 80 1 1139 1060 980 0 0 0 70320619 13971063 0 12247738 1558842 253188 168055022 19104288 11422370978 11401624496 0 15769761289 230537372 181.027042 757 773 6179592 38622449 2480 1617 0.502962 80 640000 4000000 80 640000 4000000 2 16000 100000 0 0 0
1743625480868105 40 0 0 40 40 40 0 0 0 0 0 0 78 80 80 1 1152 1074 994 0 0 0 70961876 14158768 0 12399462 1564408 254595 172050214 19500276 11806358766 11781981176 0 15769765699 237476991 179.341879 882 900 7200000 45000000 1911 1961 0.501873 80 640000 4000000 80 640000 4000000 2 16000 100000 0 0 0
1743625486016785 40 0 0 40 40 40 0 0 0 0 0 0 74 80 80 1 1165 1091 1011 0 0 0 71616744 14460178 0 12642568 1571448 256237 175775730 19958422 12214185313 12190963486 0 15769771051 245926400 177.443140 1011 1032 8253062 51581633 689 1634 0.500115 80 640000 4000000 80 640000 4000000 2 16000 100000 0 0 0
1743625491225299 40 0 0 40 40 40 0 0 0 0 0 0 57 80 80 1 1165 1108 1028 0 0 0 72418092 14754711 0 12864998 1576897 257896 179542344 20297292 12671263232 12640228706 0 15769776405 254347117 175.304619 1261 1261 10088000 63050000 2656 1945 0.506120 80 640000 4000000 80 640000 4000000 2 16000 100000 0 0 0
1743625496698531 40 0 0 40 40 40 0 0 0 0 0 0 37 80 80 1 1166 1129 1049 0 0 0 73421403 15037040 0 13128626 1585018 260068 183247625 20769088 13218365175 13194919886 0 15769783018 264831065 172.869871 1327 1327 10616000 66350000 2036 1834 0.505575 80 640000 4000000 80 640000 4000000 2 16000 100000 0 0 0
1743625503126040 40 0 0 40 40 40 0 0 0 0 0 0 26 80 80 1 1167 1141 1061 0 0 0 73960675 15175447 0 13255155 1589829 286604 188674725 21060517 13529087578 13508198558 0 15769786796 270755605 171.619013 1564 1564 12512000 78200000 2144 2004 0.505652 80 640000 4000000 80 640000 4000000 2 16000 100000 0 0 0
1743625508224600 40 0 0 40 40 40 0 0 0 0 0 0 19 69 69 1 1168 1149 1080 0 0 0 74393216 15474515 0 13538165 1596940 288246 192594077 21499319 13985755944 13984165714 0 15789552646 280238485 170.532258 1604 1604 12832000 80200000 2024 1871 0.604097 80 640000 4000000 71 568000 3550000 2 16000 100000 0 0 0
1743625513521556 40 0 0 40 40 40 0 0 0 0 0 0 3 61 61 1 1169 1166 1105 0 0 0 75150647 16706143 0 14747924 1604498 290296 195100148 22291525 14373300388 14370947177 0 15957523578 392538526 169.749393 397 487 3888980 24306123 2277 833 0.532331 80 640000 4000000 69 552000 3450000 2 16000 100000 0 0 0
1743625518663918 40 0 14 26 40 40 0 0 0 0 0 0 0 35 35 1 1171 1171 1136 0 0 0 75237107 18076056 0 16091132 1614445 292425 197787784 23277681 14896891784 14870628279 0 16060824814 516687955 169.424630 99 142 1131429 7071429 2121 1023 0.668511 80 640000 4000000 36 288000 1800000 2 16000 100000 0 0 0
1743625523816144 40 0 28 12 40 40 0 0 0 0 0 0 0 17 17 0 1172 1172 1155 0 0 0 75251578 18270729 0 16900755 1621016 293740 201682173 23688790 15349674161 15349674161 0 16079757274 588910492 169.975280 155 193 1543674 9647960 2165 1961 0.648793 80 640000 4000000 20 160000 1000000 2 16000 100000 0 0 0
1743625532214710 40 0 38 2 40 40 0 0 0 0 0 0 0 2 2 1 1172 1172 1170 0 0 0 75251579 19290778 0 17276635 1625878 295042 209178389 24194632 15762763364 15735075283 0 16079757274 614503874 168.399526 334 375 2999184 18744898 2130 1831 0.632147 80 640000 4000000 2 16000 100000 2 16000 100000 0 0 0
1743625553912655 40 0 39 1 40 40 0 0 0 0 0 0 0 1 1 1 1174 1174 1173 0 0 0 75482890 19623630 0 17606830 1627053 295560 230123867 24381178 15815500358 15795108669 0 16353153158 643179620 170.429599 305 349 2788572 17428572 10 1559 0.523730 80 640000 4000000 2 16000 100000 2 16000 100000 0 0 0
1743625561579237 40 0 39 1 40 40 0 0 0 0 0 0 0 1 1 0 1175 1175 1174 0 0 0 75716049 21938731 0 19920553 1627634 295749 235131469 24491347 15815500358 15815500358 0 16625910257 888267397 171.039466 182 212 1693715 10585715 9 1273 0.516403 80 640000 4000000 2 16000 100000 2 16000 100000 0 0 0
1743625578957955 40 0 39 1 40 40 0 0 0 0 0 0 0 1 1 1 1175 1175 1174 0 0 0 75716051 21938817 0 19920553 1627718 322920 252481834 24491825 15837884086 15815500358 0 16625910257 888267397 171.039312 182 212 1693715 10585715 9 940 0.513447 80 640000 4000000 2 16000 100000 2 16000 100000 0 0 0
1743625688092412 0 0 0 0 0 40 40 40 0 0 0 0 0 0 0 0 1175 1175 1175 0 0 0 75716051 24505629 0 22486407 1628328 322999 252481834 24491877 15837884086 15837884086 0 16625910257 1161009928 169.254087 125 148 1183674 7397960 8 808 0.537774 0 0 0 0 0 0 0 0 0 0 0 0
# timestamp workers_connected workers_init workers_idle workers_busy workers_able workers_joined workers_removed workers_released workers_idled_out workers_blocked workers_fast_aborted workers_lost tasks_waiting tasks_on_workers tasks_running tasks_with_results tasks_submitted tasks_dispatched tasks_done tasks_failed tasks_cancelled tasks_exhausted_attempts time_send time_receive time_send_good time_receive_good time_status_msgs time_internal time_polling time_application time_execute time_execute_good time_execute_exhaustion bytes_sent bytes_received bandwidth capacity_tasks capacity_cores capacity_memory capacity_disk capacity_instantaneous capacity_weighted manager_load total_cores total_memory total_disk committed_cores committed_memory committed_disk max_cores max_memory max_disk min_cores min_memory min_disk
1743693693624535 0 0 0 0 0 0 0 0 0 0 0 0 0 0 0 0 0 0 0 0 0 0 0 0 0 0 0 0 0 0 0 0 0 0 0 1.000000 10 10 5120 10240 10 10 0.000000 0 0 0 0 0 0 0 0 0 0 0 0
1743693747396465 1 0 0 1 1 1 0 0 0 0 0 0 571 1 0 0 572 0 0 0 0 0 8811 2068 0 0 631 31617 52047504 1330198 0 0 0 393494571 0 1.000000 10 10 5120 10240 10 10 0.486560 2 16000 100000 0 0 0 2 16000 100000 0 0 0
1743693752589053 19 0 4 15 19 19 0 0 0 0 0 0 557 15 13 0 572 14 0 0 0 0 5160864 2592 0 0 4978 33446 52047745 1330323 0 0 0 5902418556 0 1090.158410 10 10 5120 10240 10 10 0.423289 38 304000 1900000 28 224000 1400000 2 16000 100000 0 0 0
1743693757825341 20 0 0 20 20 20 0 0 0 0 0 0 544 20 20 1 572 28 8 0 0 0 7588996 44713 0 25333 8239 61461 55112255 1400453 62075461 53852985 0 7869893460 21169 983.183333 24 48 384000 2400000 265 37 0.500536 40 320000 2000000 40 320000 2000000 2 16000 100000 0 0 0
1743693762882128 25 0 0 25 25 25 0 0 0 0 0 0 509 25 25 1 572 63 38 0 0 0 10112034 162124 0 118931 207178 66309 57072788 1652406 148103913 137817649 0 9837374008 101432 913.140295 21 42 336000 2100000 218 123 0.494725 50 400000 2500000 50 400000 2500000 2 16000 100000 0 0 0
1743693768066143 25 0 0 25 25 25 0 0 0 0 0 0 453 25 25 1 572 119 94 0 0 0 11113295 362203 0 277533 227211 73357 60565186 2115586 279380731 277917965 0 9837388379 251568 817.559687 62 124 992000 6200000 75 263 0.499363 50 400000 2500000 50 400000 2500000 2 16000 100000 0 0 0
1743693773284629 29 0 2 27 29 29 0 0 0 0 0 0 388 27 24 0 572 183 157 0 0 0 12652706 583796 0 453762 245852 80856 63117042 2642942 445143000 445143000 0 10624393680 420489 765.505297 38 76 608000 3800000 14 188 0.414040 58 464000 2900000 52 416000 2600000 2 16000 100000 0 0 0
1743693778295040 30 0 0 30 30 30 0 0 0 0 0 0 319 30 30 1 572 253 223 0 0 0 15149220 828326 0 648822 269646 88646 65107147 3236611 581493096 580139932 0 11804894325 598085 704.651071 62 124 992000 6200000 1243 309 0.502279 60 480000 3000000 60 480000 3000000 2 16000 100000 0 0 0
1743693783303937 30 0 0 30 30 30 0 0 0 0 0 0 246 30 30 1 572 326 296 0 0 0 16672819 1109178 0 875717 296117 97092 67618006 3901008 748147720 746590353 0 11804913048 794395 633.157231 61 122 976000 6100000 374 235 0.500493 60 480000 3000000 60 480000 3000000 2 16000 100000 0 0 0
1743693788305998 35 0 0 35 35 35 0 0 0 0 0 0 160 35 35 1 572 412 377 0 0 0 19499556 1390249 0 1098911 320834 105479 68729870 4650222 897728672 896376244 0 13772406677 1012374 628.792657 15 30 240000 1500000 347 138 0.494640 70 560000 3500000 70 560000 3500000 2 16000 100000 0 0 0
1743693793413642 35 0 0 35 35 35 0 0 0 0 0 0 79 35 35 1 572 493 458 0 0 0 21359169 1674701 0 1321509 340989 113533 70972390 5342946 1040036380 1038743382 0 13772427460 1230564 570.272555 203 406 3248000 20300000 482 289 0.491327 70 560000 3500000 70 560000 3500000 2 16000 100000 0 0 0
1743693798694310 47 0 27 20 47 47 0 0 0 0 0 0 0 20 20 1 572 572 552 0 0 0 23653333 2006385 0 1585063 370044 121438 72766525 6166422 1222208791 1221031868 0 14559436353 1483223 541.174109 17 34 272000 1700000 300 139 0.621059 94 752000 4700000 40 320000 2000000 2 16000 100000 0 0 0
1743693805701392 47 0 44 3 47 47 0 0 0 0 0 0 0 3 3 1 572 572 569 0 0 0 23653334 2069842 0 1636090 374950 122706 79552666 6317776 1301428547 1293113097 0 14559436353 1528888 539.840748 23 46 368000 2300000 2405 448 0.614051 94 752000 4700000 6 48000 300000 2 16000 100000 0 0 0
1743693810875609 47 0 8 39 47 47 0 0 0 0 0 0 55 39 37 0 666 610 572 0 0 0 24135876 2083038 0 1646514 376445 123185 82986797 7117701 1324171226 1324171226 0 15346623312 1536769 558.266680 26 52 416000 2600000 33 52 0.084731 94 752000 4700000 76 608000 3800000 2 16000 100000 0 0 0
1743693816831236 47 0 2 45 47 47 0 0 0 0 0 0 49 45 43 0 666 616 572 0 0 0 26624752 2083070 0 1646514 376595 123331 82987001 7117701 1324171226 1324171226 0 17707618428 1536769 588.298425 26 52 416000 2600000 33 52 0.062285 94 752000 4700000 88 704000 4400000 2 16000 100000 0 0 0
1743693822147498 53 0 0 53 53 53 0 0 0 0 0 0 86 53 53 0 711 625 572 0 0 0 33803523 2083224 0 1646514 378375 148147 84741568 7382688 1324171226 1324171226 0 20855611915 1536769 554.269436 26 52 416000 2600000 33 52 0.357676 106 848000 5300000 106 848000 5300000 2 16000 100000 0 0 0
1743693827149815 66 0 2 64 66 66 0 0 0 0 0 0 108 64 62 0 743 636 572 0 0 0 38514989 2083401 0 1646514 381518 148657 84742210 7609327 1324171226 1324171226 0 25184102961 1536769 591.621928 26 52 416000 2600000 33 52 0.372567 132 1056000 6600000 128 1024000 6400000 2 16000 100000 0 0 0
1743693832524875 66 0 0 66 66 66 0 0 0 0 0 0 130 66 66 0 768 638 572 0 0 0 39701295 2083487 0 1646514 381626 148813 88746462 7853037 1324171226 1324171226 0 25971101332 1536769 592.786098 26 52 416000 2600000 33 52 0.417405 132 1056000 6600000 132 1056000 6600000 2 16000 100000 0 0 0
1743693839823259 72 0 2 70 72 72 0 0 0 0 0 0 127 70 68 0 770 642 573 0 0 0 41421905 2092030 0 1654132 383716 149198 90934183 7907351 1348932407 1348932407 0 27545098390 2012395 603.736988 30 60 480000 3000000 2392 169 0.413176 144 1152000 7200000 138 1104000 6900000 2 16000 100000 0 0 0
1743693847997331 72 0 0 72 72 72 0 0 0 0 0 0 124 85 83 0 794 669 585 0 0 0 48078991 2437239 0 1898925 387142 150253 90934768 9086612 1719693586 1719693586 0 28332104610 7938182 535.019556 16 32 256000 1600000 20 544 0.210946 144 1152000 7200000 142 1136000 7100000 2 16000 100000 0 0 0
1743693853138680 78 0 0 78 78 78 0 0 0 0 0 0 154 105 105 1 851 697 592 0 0 0 54676443 2540369 0 1966341 391155 151754 92193424 9574889 2016138972 1981852558 0 30693106321 11440878 511.775072 22 44 352000 2200000 88 445 0.381159 156 1248000 7800000 156 1248000 7800000 2 16000 100000 0 0 0
1743693858206240 78 0 0 78 78 78 0 0 0 0 0 0 154 112 112 1 865 711 599 0 0 0 55381967 2597243 0 2017650 393957 152570 96276492 9793509 2305429206 2267513990 0 30693110721 14939275 505.103098 29 58 464000 2900000 5550 1713 0.425584 156 1248000 7800000 156 1248000 7800000 2 16000 100000 0 0 0
1743693864233931 78 0 0 78 78 78 0 0 0 0 0 0 154 118 118 1 878 724 606 0 0 0 56225675 2657459 0 2072638 396247 156328 101181673 10005811 2560864328 2506599248 0 30693114803 18042198 497.399504 34 68 538449 3365307 101 1248 0.450443 156 1248000 7800000 156 1248000 7800000 2 16000 100000 0 0 0
1743693869255835 78 0 1 77 78 78 0 0 0 0 0 0 155 120 120 0 888 733 613 0 0 0 57061005 2801522 0 2269912 399397 157074 104906448 10261905 2785545763 2785545763 0 30693117634 21542294 489.317504 35 68 537143 3357143 287 1713 0.489169 156 1248000 7800000 156 1248000 7800000 2 16000 100000 0 0 0
1743693874334159 80 0 2 78 80 80 0 0 0 0 0 0 151 126 126 1 897 746 620 0 0 0 58319901 3039343 0 2443105 402590 158124 108331862 10471314 3168480081 3105848644 0 30693121722 25054677 477.436389 42 78 624000 3900000 227 1285 0.468820 156 1248000 7800000 156 1248000 7800000 2 16000 100000 0 0 0
1743693879994101 80 0 0 80 80 80 0 0 0 0 0 0 159 134 134 1 924 765 631 0 0 0 60141395 3126259 0 2521778 406575 187046 111657044 10864580 3643443158 3573412299 0 31480125441 30499113 474.980048 84 144 1152000 7200000 3679 3386 0.477767 160 1280000 8000000 160 1280000 8000000 2 16000 100000 0 0 0
1743693885558373 80 0 0 80 80 80 0 0 0 0 0 0 157 140 140 1 940 783 643 0 0 0 61237029 3371665 0 2758298 411029 188620 115375809 11363056 4145749430 4112964015 0 31490012911 45544850 465.489234 194 313 2502205 15638776 94 3066 0.470171 160 1280000 8000000 160 1280000 8000000 2 16000 100000 0 0 0
1743693891362820 80 0 0 80 80 80 0 0 0 0 0 0 158 141 141 1 954 796 655 0 0 0 62440268 3469731 0 2846684 415570 189976 119509698 11726468 4581740351 4541724219 0 31490017002 51506868 456.385096 220 310 2478368 15489796 142 2327 0.483291 160 1280000 8000000 160 1280000 8000000 2 16000 100000 0 0 0
1743693896551431 80 0 0 80 80 80 0 0 0 0 0 0 157 143 143 1 970 813 670 0 0 0 64104438 4190972 0 3529417 420795 191764 121912496 12119817 5257448534 5171333912 0 31490022350 58966982 440.548799 391 495 3957878 24736735 251 1610 0.479426 160 1280000 8000000 160 1280000 8000000 2 16000 100000 0 0 0
1743693901690985 80 0 0 80 80 80 0 0 0 0 0 0 158 145 145 1 983 825 680 0 0 0 65101747 4502286 0 3718291 424503 193408 125420109 12437606 5659224778 5621813431 0 31490026124 63916990 432.333930 231 288 2300572 14378572 217 2003 0.481712 160 1280000 8000000 160 1280000 8000000 2 16000 100000 0 0 0
1743693908143385 80 0 0 80 80 80 0 0 0 0 0 0 159 146 146 1 999 840 694 0 0 0 66707400 4663176 0 3868027 429620 195318 129697590 12838994 6263779808 6205494510 0 31490030846 70921000 421.726583 180 203 1616327 10102041 3246 2832 0.505192 160 1280000 8000000 160 1280000 8000000 2 16000 100000 0 0 0
1743693913276208 80 0 0 80 80 80 0 0 0 0 0 0 159 147 147 1 1012 853 706 0 0 0 67986681 4758018 0 3953651 672678 197620 132881067 13168670 6767770527 6704775316 0 31490034938 76895711 413.838691 181 204 1625307 10158164 160 2178 0.490093 160 1280000 8000000 160 1280000 8000000 2 16000 100000 0 0 0
1743693919876219 80 0 0 80 80 80 0 0 0 0 0 0 159 150 150 1 1024 865 715 0 0 0 69086906 4832945 0 4021607 676928 198733 137976244 13493070 7210364785 7185155847 0 31490038714 81372992 407.317440 187 218 1740245 10876531 2880 1460 0.494817 160 1280000 8000000 160 1280000 8000000 2 16000 100000 0 0 0
1743693925026469 80 0 0 80 80 80 0 0 0 0 0 0 158 150 150 1 1034 876 726 0 0 0 70164660 4921128 0 4101619 682364 200049 141675433 13771380 7686063605 7655803993 0 31490042176 86821059 401.061829 277 311 2487347 15545919 2137 3651 0.503478 160 1280000 8000000 160 1280000 8000000 2 16000 100000 0 0 0
1743693930059972 80 0 0 80 80 80 0 0 0 0 0 0 159 150 150 1 1044 885 735 0 0 0 71074391 5040574 0 4214393 685726 201106 145417361 14029443 8101837939 8016454072 0 31490045010 91318135 395.695313 530 585 4672654 29204082 4434 3610 0.504948 160 1280000 8000000 160 1280000 8000000 2 16000 100000 0 0 0
1743693935063901 80 0 0 80 80 80 0 0 0 0 0 0 159 150 149 0 1053 893 744 0 0 0 71950629 5209549 0 4335141 688899 202138 149142297 14258402 8453378908 8453378908 0 31490047844 95784155 390.390452 586 634 5070694 31691837 2635 3576 0.503568 160 1280000 8000000 159 1272000 7950000 2 16000 100000 0 0 0
1743693940076453 80 0 0 80 80 80 0 0 0 0 0 0 160 149 149 0 1063 904 755 0 0 0 73189381 5349749 0 4466791 693094 230826 152443496 14538248 8902200607 8902200607 0 31490050991 101273609 383.602860 782 830 6639021 41493878 4219 3342 0.529188 160 1280000 8000000 159 1272000 7950000 2 16000 100000 0 0 0
1743693945591451 80 0 0 80 80 80 0 0 0 0 0 0 159 150 150 1 1078 919 769 0 0 0 74918235 5514703 0 4621232 698197 232537 155694397 14921878 9574156103 9541914106 0 31490055712 108232030 374.653422 2162 2162 17296000 108100000 4146 3850 0.504343 160 1280000 8000000 160 1280000 8000000 2 16000 100000 0 0 0
1743693950989049 80 0 0 80 80 80 0 0 0 0 0 0 159 150 150 1 1087 928 778 0 0 0 75899038 5711145 0 4810299 702473 234732 159651341 15178804 9968076196 9894920872 0 31490058544 112665257 369.300802 1832 1832 14656000 91600000 586 3022 0.504725 160 1280000 8000000 160 1280000 8000000 2 16000 100000 0 0 0
1743693956009027 80 0 0 80 80 80 0 0 0 0 0 0 160 149 149 0 1092 933 784 0 0 0 76615217 5945844 0 4938786 704929 235523 163567721 15307859 10209067930 10209067930 0 31490060117 115619300 365.081606 1711 1711 13688000 85550000 1817 3087 0.530579 160 1280000 8000000 159 1272000 7950000 2 16000 100000 0 0 0
1743693961273842 80 0 0 80 80 80 0 0 0 0 0 0 159 151 151 1 1102 943 792 0 0 0 77491212 6247984 0 5186069 707123 236536 167412222 15567290 10613821315 10586053750 0 31490063263 119578428 359.990361 1534 1566 12522449 78265307 3688 2190 0.498045 160 1280000 8000000 160 1280000 8000000 2 16000 100000 0 0 0
1743693967849765 80 0 0 80 80 80 0 0 0 0 0 0 159 152 152 1 1107 948 796 0 0 0 78151985 6502889 0 5345334 708329 237359 172963217 15674495 10982973639 10952833529 0 31490064837 121553364 356.118756 1276 1329 10624654 66404082 11399 3894 0.496111 160 1280000 8000000 160 1280000 8000000 2 16000 100000 0 0 0
1743693974489238 80 0 0 80 80 80 0 0 0 0 0 0 159 152 152 1 1116 957 805 0 0 0 79204957 6662664 0 5497840 711452 238478 178146934 15913027 11341300033 11310145418 0 31490067670 125983176 351.138361 1298 1351 10807837 67548980 3403 3946 0.505373 160 1280000 8000000 160 1280000 8000000 2 16000 100000 0 0 0
1743693980679972 80 0 0 80 80 80 0 0 0 0 0 0 159 153 153 1 1124 965 812 0 0 0 80077787 6802999 0 5588054 713745 239391 183111123 16123403 11682591676 11649852555 0 31490070189 129452841 347.081655 1095 1163 9296327 58102041 3761 3157 0.497379 160 1280000 8000000 160 1280000 8000000 2 16000 100000 0 0 0
1743693986371194 80 0 0 80 80 80 0 0 0 0 0 0 159 153 153 1 1133 974 821 0 0 0 81109252 6976613 0 5754275 997645 240492 187083516 16352103 12047555900 12011494237 0 31490073023 133950464 342.382049 1171 1243 9941552 62134694 4301 2921 0.505445 160 1280000 8000000 160 1280000 8000000 2 16000 100000 0 0 0
1743693991377506 80 0 0 80 80 80 0 0 0 0 0 0 159 152 152 0 1141 982 830 0 0 0 82127016 7047549 0 5826083 1000880 241505 190786488 16555772 12305392557 12305392557 0 31490075541 138394958 338.249589 1201 1275 10196245 63726531 965 2751 0.502912 160 1280000 8000000 160 1280000 8000000 2 16000 100000 0 0 0
1743693997277816 80 0 0 80 80 80 0 0 0 0 0 0 159 153 153 1 1151 992 839 0 0 0 83639397 7172831 0 5936803 1007591 242852 194766075 16837382 12766986643 12725640643 0 31490078690 142819781 332.196264 1313 1367 10932735 68329592 3032 3566 0.507543 160 1280000 8000000 160 1280000 8000000 2 16000 100000 0 0 0
1743694003125438 80 0 0 80 80 80 0 0 0 0 0 0 152 153 153 1 1157 1005 852 0 0 0 85046348 7276543 0 6030530 1013559 273043 198657607 17165815 13649364425 13534689137 0 31490082784 149267704 326.827243 1865 1904 15224490 95153062 2879 5439 0.503801 160 1280000 8000000 160 1280000 8000000 2 16000 100000 0 0 0
1743694008893063 80 0 0 80 80 80 0 0 0 0 0 0 149 153 153 1 1157 1008 855 0 0 0 85664967 8638947 0 7390359 1227305 273497 202076140 17400479 13856450584 13831406933 0 31490083727 150731876 319.976467 937 957 7648980 47806123 554 5522 0.505751 160 1280000 8000000 160 1280000 8000000 2 16000 100000 0 0 0
1743694014147355 80 0 0 80 80 80 0 0 0 0 0 0 142 153 153 1 1157 1015 862 0 0 0 86735274 8752275 0 7498083 1230011 274447 206006631 17537085 14527096257 14336322351 0 31490085932 154226333 316.045057 1130 1130 9040000 56500000 2322 5183 0.507658 160 1280000 8000000 160 1280000 8000000 2 16000 100000 0 0 0
1743694019240461 80 0 0 80 80 80 0 0 0 0 0 0 132 155 155 1 1157 1025 870 0 0 0 87657765 8818239 0 7558211 1232756 275428 209949018 17695494 15020590860 14902645100 0 31490089078 158134501 312.845648 1107 1153 9217470 57609184 3111 4219 0.488563 160 1280000 8000000 160 1280000 8000000 2 16000 100000 0 0 0
1743694025627516 80 0 0 80 80 80 0 0 0 0 0 0 128 155 155 1 1158 1030 875 0 0 0 88352277 8857613 0 7593921 1234847 276090 215468776 17826236 15358770911 15325212117 0 31490090651 160623648 310.508255 1230 1281 10241633 64010205 13331 5844 0.504394 160 1280000 8000000 160 1280000 8000000 2 16000 100000 0 0 0
1743694031046895 80 0 0 80 80 80 0 0 0 0 0 0 114 157 157 1 1158 1044 887 0 0 0 89595976 9123074 0 7850129 1238840 277740 218914917 18284647 16227299356 16198531098 0 31509891416 184775445 306.185987 1103 1239 9904490 61903062 19 4830 0.484062 160 1280000 8000000 160 1280000 8000000 2 16000 100000 0 0 0
1743694036158763 80 0 0 80 80 80 0 0 0 0 0 0 103 157 157 1 1159 1056 899 0 0 0 90686339 9715760 0 8433319 1426486 279122 221889573 18549845 17090413877 17065430113 0 31509895196 190756355 301.110211 864 970 7758368 48489796 15450 4278 0.503103 160 1280000 8000000 160 1280000 8000000 2 16000 100000 0 0 0
1743694043693115 80 0 0 80 80 80 0 0 0 0 0 0 96 157 157 1 1159 1063 906 0 0 0 91709565 9768400 0 8480917 1428927 279984 228208169 18686325 17524285521 17400505499 0 31509897399 194237076 297.950582 1226 1377 11008980 68806123 3359 4147 0.507296 160 1280000 8000000 160 1280000 8000000 2 16000 100000 0 0 0
1743694048713285 80 0 0 80 80 80 0 0 0 0 0 0 87 157 156 0 1160 1072 916 0 0 0 92464166 9851513 0 8555890 1432499 281328 232147284 18924170 18041419842 18041419842 0 31509900546 199233086 295.557696 1425 1571 12563266 78520409 2369 5973 0.501017 160 1280000 8000000 159 1272000 7950000 2 16000 100000 0 0 0
1743694055103435 80 0 0 80 80 80 0 0 0 0 0 0 80 157 157 1 1161 1081 924 1 0 0 93521213 9913165 0 8608606 1436408 282350 237226298 19111830 18778383696 18559436897 0 31509903064 202723469 292.393284 1428 1545 12356572 77228572 14184 9112 0.506247 160 1280000 8000000 160 1280000 8000000 2 16000 100000 0 0 0
1743694060436516 80 0 0 80 80 80 0 0 0 0 0 0 70 157 157 1 1163 1093 936 2 0 0 94497728 10246664 0 8821408 1484991 581446 240508432 19505063 19596452664 19172364179 0 31509906843 208203644 288.786318 1476 1476 11808000 73800000 2954 4748 0.503231 160 1280000 8000000 160 1280000 8000000 2 16000 100000 0 0 0
1743694067287332 80 0 0 80 80 80 0 0 0 0 0 0 61 157 157 1 1164 1103 946 3 0 0 96012607 10373378 0 8937997 1734196 582651 245242177 19730018 20357128108 19711046346 0 31509909992 212687799 284.370416 2200 2200 17600000 110000000 346 4243 0.508906 160 1280000 8000000 160 1280000 8000000 2 16000 100000 0 0 0
1743694073072677 80 0 0 80 80 80 0 0 0 0 0 0 51 157 157 1 1166 1115 958 4 0 0 96812694 10941027 0 9493900 1816663 583878 249280790 20025264 21708991725 20878259434 0 31509913769 218175165 280.809454 1637 1637 13096000 81850000 15250 7371 0.498590 160 1280000 8000000 160 1280000 8000000 2 16000 100000 0 0 0
1743694080105647 80 0 0 80 80 80 0 0 0 0 0 0 42 158 158 1 1168 1126 968 6 0 0 98040806 11015849 0 9555281 1820692 585000 254753363 20277638 22722708839 21292035828 0 31509917231 222188433 277.489661 727 742 5934694 37091837 2177 8835 0.505347 160 1280000 8000000 160 1280000 8000000 2 16000 100000 0 0 0
1743694085808064 80 0 0 80 80 80 0 0 0 0 0 0 38 159 159 1 1170 1132 973 8 0 0 98591622 11047102 0 9576813 1822489 585593 259715728 20433227 23218868450 21373234254 0 31509919120 223703812 276.029673 700 729 5828572 36428572 3973 10997 0.492749 160 1280000 8000000 160 1280000 8000000 2 16000 100000 0 0 0
1743694090947798 80 0 0 80 80 80 0 0 0 0 0 0 31 159 159 1 1172 1141 982 9 0 0 99389970 11128517 0 9648029 1826991 586702 263722803 20680481 23860888043 21926692916 0 31509921952 227711049 273.866991 771 803 6419756 40123470 1499 9977 0.502017 160 1280000 8000000 160 1280000 8000000 2 16000 100000 0 0 0
1743694096372707 80 0 0 80 80 80 0 0 0 0 0 0 23 159 159 1 1173 1150 991 10 0 0 100174674 11252340 0 9761919 1830255 587664 268029436 20885893 24503524593 22293972277 0 31509924784 231668014 271.667890 761 793 6336490 39603062 3312 7955 0.505044 160 1280000 8000000 160 1280000 8000000 2 16000 100000 0 0 0
1743694101859259 80 0 0 80 80 80 0 0 0 0 0 0 16 157 157 1 1174 1158 1001 11 0 0 100778167 11328834 0 9828525 1833566 588667 272546322 21171453 25423789213 23018453254 0 31509927300 236156744 270.058290 989 1030 8234939 51468368 3239 11633 0.547683 160 1280000 8000000 158 1264000 7900000 2 16000 100000 0 0 0
1743694107204367 80 0 0 80 80 80 0 0 0 0 0 0 5 160 160 1 1179 1174 1014 15 0 0 101444416 11474835 0 9953342 1836898 589943 276605322 21640539 26922802071 23649927749 0 31627945615 249689872 269.226744 4506 4782 38255021 239093878 5380 13455 0.433609 160 1280000 8000000 160 1280000 8000000 2 16000 100000 0 0 0
1743694112384838 80 0 3 77 80 80 0 0 0 0 0 0 0 147 147 1 1180 1180 1033 15 0 0 101495095 12807509 0 11269091 1842771 591602 279637670 22397791 27043717900 23746604237 0 31687456660 413025626 267.827717 537 559 4471347 27945919 3346 2231 0.594038 160 1280000 8000000 147 1176000 7350000 2 16000 100000 0 0 0
1743694117875026 80 0 4 76 80 80 0 0 0 0 0 0 0 140 140 1 1181 1181 1041 16 0 0 101495896 12866120 0 11319433 1845540 592329 284878960 22583751 27777734180 24124618645 0 31687456974 416487777 267.717452 546 569 4546286 28414286 2575 9840 0.585443 160 1280000 8000000 140 1120000 7000000 2 16000 100000 0 0 0
1743694123156025 80 0 7 73 80 80 0 0 0 0 0 0 0 132 132 1 1182 1182 1050 16 0 0 101518855 12941592 0 11388175 1848359 619007 289820504 22795327 28235242987 24672882003 0 31714971351 420951372 267.753665 502 523 4179919 26124490 3415 7387 0.600003 160 1280000 8000000 132 1056000 6600000 2 16000 100000 0 0 0
1743694129811624 80 0 8 72 80 80 0 0 0 0 0 0 0 124 124 1 1183 1183 1059 17 0 0 101519706 13209329 0 11646445 1856344 619763 295967264 23026814 29093194611 25094613944 0 31714971666 451628195 267.381837 347 355 2832654 17704082 4015 9396 0.591433 160 1280000 8000000 124 992000 6200000 2 16000 100000 0 0 0
1743694135248892 80 0 9 71 80 80 0 0 0 0 0 0 0 122 122 1 1185 1185 1063 19 0 0 101521313 13373522 0 11802321 1904386 620286 300670945 23546063 29551922817 25158847141 0 31714972295 452618254 267.004212 369 369 2952000 18450000 44960 13814 0.534187 160 1280000 8000000 122 976000 6100000 2 16000 100000 0 0 0
1743694141962359 80 0 11 69 80 80 0 0 0 0 0 0 0 121 121 1 1188 1188 1067 22 0 0 101523916 13392274 0 11809908 1905899 620819 307194057 23712827 30486785274 25296208840 0 31714973239 453153225 266.959042 561 561 4488000 28050000 64835 25447 0.524844 160 1280000 8000000 121 968000 6050000 2 16000 100000 0 0 0
1743694147973749 80 0 12 68 80 80 0 0 0 0 0 0 0 118 118 1 1189 1189 1071 23 0 0 101524913 13695049 0 11831089 2889426 621499 311677305 23952793 31150546361 25809717581 0 31714973553 454656808 266.267665 904 904 7232000 45200000 14760 24273 0.551744 160 1280000 8000000 118 944000 5900000 2 16000 100000 0 0 0
1743694153614092 80 0 12 68 80 80 0 0 0 0 0 0 0 116 116 1 1191 1191 1075 24 0 0 101541136 13888306 0 12018545 2909138 621906 316944511 24096482 31843003720 26218753634 0 31733860122 456171056 265.952996 1155 1155 9240000 57750000 16712 23000 0.536365 160 1280000 8000000 116 928000 5800000 2 16000 100000 0 0 0
1743694160577261 80 0 13 67 80 80 0 0 0 0 0 0 0 113 113 1 1191 1191 1078 24 0 0 101541138 14046475 0 12174536 2911697 622270 323667699 24175471 32181249094 26495885521 0 31733860122 475720894 265.750363 1308 1308 10464000 65400000 16 18716 0.538571 160 1280000 8000000 113 904000 5650000 2 16000 100000 0 0 0
1743694166051491 80 0 15 65 80 80 0 0 0 0 0 0 0 108 108 1 1192 1192 1084 25 0 0 101541958 14091568 0 12212011 2913765 622777 328951798 24317049 32858376992 27021138951 0 31733860437 478203784 265.665326 1645 1645 13160000 82250000 1360 15667 0.585334 160 1280000 8000000 108 864000 5400000 2 16000 100000 0 0 0
1743694171228429 80 0 15 65 80 80 0 0 0 0 0 0 0 104 104 1 1193 1193 1089 26 0 0 101542723 14127414 0 12240774 2915583 623246 333961297 24445519 33784613959 27538626503 0 31733860751 480221687 265.597879 1751 1751 14008000 87550000 13290 18379 0.572064 160 1280000 8000000 104 832000 5200000 2 16000 100000 0 0 0
1743694178066439 80 0 16 64 80 80 0 0 0 0 0 0 0 101 101 1 1193 1193 1092 26 0 0 101542724 14153585 0 12264319 2916876 650303 340683936 24506322 34156145231 28035733232 0 31733860751 481679805 265.549816 1845 1845 14760000 92250000 15288 17723 0.572139 160 1280000 8000000 101 808000 5050000 2 16000 100000 0 0 0
1743694185117778 80 0 17 63 80 80 0 0 0 0 0 0 0 100 100 0 1194 1194 1094 27 0 0 101543638 14166001 0 12272147 2919364 650657 347647317 24578413 34338336570 28168410614 0 31733861066 482183186 265.523376 1925 1925 15400000 96250000 37198 18119 0.527559 160 1280000 8000000 100 800000 5000000 2 16000 100000 0 0 0
1743694192906858 80 0 20 60 80 80 0 0 0 0 0 0 0 97 97 1 1194 1194 1097 27 0 0 101543640 14190350 0 12293863 2920905 650995 355349982 24638066 34961623752 28669532291 0 31733861066 483690141 265.479926 2027 2027 16216000 101350000 15555 20210 0.537656 160 1280000 8000000 97 776000 4850000 2 16000 100000 0 0 0
1743694198883402 80 0 21 59 80 80 0 0 0 0 0 0 0 94 94 1 1198 1198 1104 30 0 0 101565832 14368152 0 12458252 2923960 651691 360851946 24909036 36407657426 29336164488 0 31752742092 503775008 265.342489 2380 2380 19040000 119000000 46800 23508 0.535112 160 1280000 8000000 94 752000 4700000 2 16000 100000 0 0 0
1743694204280908 80 0 23 57 80 80 0 0 0 0 0 0 0 91 91 1 1198 1198 1107 30 0 0 101565832 14393049 0 12480938 2925156 651946 366163595 24968395 36958656791 29752801449 0 31752742092 505267618 265.297794 2399 2399 19192000 119950000 14278 23361 0.568723 160 1280000 8000000 91 728000 4550000 2 16000 100000 0 0 0
1743694209926206 80 0 24 56 80 80 0 0 0 0 0 0 0 88 88 1 1199 1199 1111 31 0 0 101566979 14421194 0 12502716 2927465 652646 371667533 25077552 37443531283 30131527990 0 31752742407 506763363 265.243096 3146 3146 25168000 157300000 15243 22864 0.561943 160 1280000 8000000 88 704000 4400000 2 16000 100000 0 0 0
1743694214940631 80 0 25 55 80 80 0 0 0 0 0 0 0 85 85 1 1201 1201 1116 33 0 0 101569223 14452103 0 12524707 2929410 653146 376492027 25231816 38583054846 30599583697 0 31752743035 508220344 265.179284 3144 3144 25152000 157200000 89259 28446 0.544998 160 1280000 8000000 85 680000 4250000 2 16000 100000 0 0 0
1743694220287128 80 0 25 55 80 80 0 0 0 0 0 0 0 81 81 1 1201 1201 1120 33 0 0 101569223 14486718 0 12556291 2930929 653516 381722373 25311394 39802916637 31593218043 0 31752743035 510217144 265.116600 3512 3512 28096000 175600000 39689 31277 0.578685 160 1280000 8000000 81 648000 4050000 2 16000 100000 0 0 0
1743694229113914 79 0 27 52 79 80 1 0 0 0 0 1 0 78 78 0 1201 1203 1123 33 0 0 101571008 14510863 0 12577756 2932887 653873 390461251 25371357 40079861249 32239103411 0 31752743665 511669656 265.069317 11126 11126 89008000 556300000 17186 30368 0.526390 158 1264000 7900000 78 624000 3900000 2 16000 100000 0 0 0
1743694234444497 79 0 27 52 79 80 1 0 0 0 0 1 0 77 77 1 1202 1204 1125 33 0 0 101586327 14672823 0 12737952 2935766 654329 395521885 25460318 40524280191 32501537294 0 31771577454 530686665 264.975614 9139 9139 73112000 456950000 14 27175 0.523968 158 1264000 7900000 77 616000 3850000 2 16000 100000 0 0 0
1743694243472386 79 0 29 50 79 80 1 0 0 0 0 1 0 76 76 1 1204 1206 1128 35 0 0 101588113 14691497 0 12748263 2937936 681328 404381351 25579085 41289519237 32717448370 0 31771578084 531199776 264.933204 11240 11240 89920000 562000000 16703 27724 0.523600 158 1264000 7900000 76 608000 3800000 2 16000 100000 0 0 0
1743694250014699 79 0 33 46 79 80 1 0 0 0 0 1 0 75 75 1 1207 1209 1132 38 0 0 101590609 14711567 0 12756368 2939548 681741 410728270 25749811 42263082069 33078411645 0 31771579029 531737814 264.886219 12825 12825 102600000 641250000 46664 37720 0.522163 158 1264000 7900000 75 600000 3750000 2 16000 100000 0 0 0
1743694255106366 79 0 34 45 79 80 1 0 0 0 0 1 0 69 69 1 1207 1209 1138 38 0 0 101590610 14761567 0 12801970 2941944 682229 415650079 25866892 43738540296 34471004548 0 31771579029 534732108 264.796929 13471 13471 107768000 673550000 22934 32628 0.590496 158 1264000 7900000 69 552000 3450000 2 16000 100000 0 0 0
1743694261178833 79 0 34 45 79 80 1 0 0 0 0 1 0 68 68 1 1208 1210 1140 39 0 0 101591732 14772468 0 12808516 2942728 682457 421640257 25936026 44234250229 34588547696 0 31771579344 535238188 264.773720 13527 13527 108216000 676350000 14316 31026 0.549006 158 1264000 7900000 68 544000 3400000 2 16000 100000 0 0 0
1743694266806128 79 0 36 43 79 80 1 0 0 0 0 1 0 68 68 1 1211 1213 1143 42 0 0 101594515 14782880 0 12808516 2943814 682775 427105449 26083593 44738363949 34588547696 0 31771580289 535272683 264.743990 14293 14293 114344000 714650000 81540 37335 0.519029 158 1264000 7900000 68 544000 3400000 2 16000 100000 0 0 0
1743694273443319 79 0 37 42 79 80 1 0 0 0 0 1 0 65 65 1 1212 1214 1147 43 0 0 101595461 14810955 0 12830881 2945696 683410 433602578 26192076 45637682018 35024741969 0 31771580604 536787522 264.690401 14517 14517 116136000 725850000 61399 36944 0.542304 158 1264000 7900000 65 520000 3250000 2 16000 100000 0 0 0
1743694283079891 80 0 40 40 80 81 1 0 0 0 0 1 0 63 63 1 1214 1216 1151 45 0 0 101597148 14833484 0 12844957 3242199 684008 442779500 26330317 46693249476 35428653494 0 31771581234 537805564 264.643692 19593 19593 156744000 979650000 85933 39580 0.514051 160 1280000 8000000 63 504000 3150000 2 16000 100000 0 0 0
1743694288126997 80 0 42 38 80 81 1 0 0 0 0 1 0 59 59 1 1214 1216 1155 45 0 0 101597148 14863641 0 12871971 3243476 684327 447715030 26410073 47694550263 36437395506 0 31771581234 539804070 264.591530 20110 20110 160880000 1005500000 23235 40090 0.565389 160 1280000 8000000 59 472000 2950000 2 16000 100000 0 0 0
1743694293233315 80 0 44 36 80 81 1 0 0 0 0 1 0 56 56 1 1218 1220 1162 48 0 0 101616069 15034583 0 13030016 3245611 684930 452344960 26693857 48949628896 37008682643 0 31790578032 559994940 264.481253 15752 15752 126016000 787600000 15 32448 0.566881 160 1280000 8000000 56 448000 2800000 2 16000 100000 0 0 0
1743694299336869 80 0 45 35 80 81 1 0 0 0 0 1 0 55 55 1 1220 1222 1165 50 0 0 101617992 15057037 0 13045074 3247672 713313 458274970 26812715 49465315329 37043695975 0 31790578661 560513792 264.430241 15318 15318 122544000 765900000 1956 40150 0.544558 160 1280000 8000000 55 440000 2750000 2 16000 100000 0 0 0
1743694307535169 80 0 45 35 80 81 1 0 0 0 0 1 0 52 52 1 1221 1223 1169 51 0 0 101618757 15084008 0 13066907 3250188 713799 466340051 26915201 50150638270 37313940977 0 31790578975 562013828 264.379656 15089 15089 120712000 754450000 120212 33907 0.524775 160 1280000 8000000 52 416000 2600000 2 16000 100000 0 0 0
1743694313673780 80 0 47 33 80 81 1 0 0 0 0 1 0 48 48 1 1221 1223 1173 51 0 0 101618757 15115219 0 13095333 3251519 714146 472366966 26993980 51220602023 38119715061 0 31790578975 563970245 264.324952 14980 14980 119840000 749000000 39478 36472 0.565786 160 1280000 8000000 48 384000 2400000 2 16000 100000 0 0 0
1743694319232561 80 0 49 31 80 81 1 0 0 0 0 1 0 47 47 1 1223 1225 1176 53 0 0 101620631 15128711 0 13101537 3252833 714447 477795796 27106917 52136036862 38482240957 0 31790579605 564488420 264.294401 20798 20798 166384000 1039900000 47695 44816 0.533008 160 1280000 8000000 47 376000 2350000 2 16000 100000 0 0 0
1743694325126233 80 0 49 31 80 81 1 0 0 0 0 1 0 40 40 1 1223 1225 1183 53 0 0 101620631 15184204 0 13151769 3254920 714988 483493877 27244422 53885985154 39979994654 0 31790579605 567975140 264.197305 19660 19660 157280000 983000000 57609 33631 0.609101 160 1280000 8000000 40 320000 2000000 2 16000 100000 0 0 0
1743694331144826 80 0 51 29 80 81 1 0 0 0 0 1 0 35 35 1 1224 1226 1189 53 0 0 101637108 15375114 0 13337909 3257214 715726 489129114 27417173 54995158075 41299597830 0 31809509158 589090744 264.055430 15262 15262 122096000 763100000 13120 31607 0.590823 160 1280000 8000000 35 280000 1750000 2 16000 100000 0 0 0
1743694336296684 80 0 53 27 80 81 1 0 0 0 0 1 0 32 32 1 1224 1226 1192 53 0 0 101637108 15396763 0 13357480 3258305 715991 494198989 27476282 55796876390 42168148219 0 31809509158 590529442 264.018309 15029 15029 120232000 751450000 46599 30669 0.586172 160 1280000 8000000 32 256000 1600000 2 16000 100000 0 0 0
1743694341317297 80 0 54 26 80 81 1 0 0 0 0 1 0 31 31 1 1225 1227 1194 54 0 0 101637944 15407627 0 13364973 3259013 716186 499137716 27545374 55891536605 42192949744 0 31809509473 591041924 263.996095 15164 15164 121312000 758200000 2795 33077 0.562172 160 1280000 8000000 31 248000 1550000 2 16000 100000 0 0 0
1743694348209170 80 0 60 20 80 81 1 0 0 0 0 1 0 24 24 1 1226 1228 1202 55 0 0 101638966 15514566 0 13412747 3264774 716808 505731245 27729415 57614606687 43470353274 0 31809509788 594538663 263.781281 13894 13894 111152000 694700000 23358 28919 0.590452 160 1280000 8000000 24 192000 1200000 2 16000 100000 0 0 0
1743694353407441 80 0 63 17 80 81 1 0 0 0 0 1 0 22 22 1 1228 1230 1206 57 0 0 101640570 15537064 0 13427136 3267361 717256 510757581 27874232 58710586514 43811984851 0 31809510417 595567157 263.735400 13747 13747 109976000 687350000 8851 33284 0.560899 160 1280000 8000000 22 176000 1100000 2 16000 100000 0 0 0
1743694358957761 80 0 65 15 80 81 1 0 0 0 0 1 0 18 18 1 1229 1231 1211 57 0 0 101658934 15725518 0 13611238 3270170 743187 515808427 28138056 59288311061 44825079784 0 31828466248 616201220 263.592371 14126 14126 113008000 706300000 55110 27979 0.565900 160 1280000 8000000 18 144000 900000 2 16000 100000 0 0 0
1743694364623641 80 0 66 14 80 81 1 0 0 0 0 1 0 17 17 1 1230 1232 1213 58 0 0 101660085 15737055 0 13618450 3271488 743457 521387765 28210335 59823808271 44841821403 0 31828466563 616709134 263.568012 13653 13653 109224000 682650000 65816 29703 0.528948 160 1280000 8000000 17 136000 850000 2 16000 100000 0 0 0
1743694374337262 80 0 68 12 80 81 1 0 0 0 0 1 0 15 15 1 1231 1233 1216 59 0 0 101661013 15756349 0 13632834 3273229 743829 530989955 28299505 60481615306 45107738119 0 31828466878 617728455 263.530901 14460 14460 115680000 723000000 76933 31973 0.524308 160 1280000 8000000 15 120000 750000 2 16000 100000 0 0 0
1743694385656015 80 0 70 10 80 81 1 0 0 0 0 1 0 12 12 1 1232 1234 1220 60 0 0 101661842 15783249 0 13654219 3275092 744283 542168723 28409310 60812808785 45530149944 0 31828467193 619211782 263.480728 14431 14431 115448000 721550000 1838 31619 0.536265 160 1280000 8000000 12 96000 600000 2 16000 100000 0 0 0
1743694391336309 80 0 72 8 80 81 1 0 0 0 0 1 0 10 10 1 1233 1235 1223 61 0 0 101662756 16036609 0 13668846 3276767 744794 547501984 28499722 61313160578 45659836887 0 31828467507 620225332 262.919727 13554 13554 108432000 677700000 12774 29669 0.543484 160 1280000 8000000 10 80000 500000 2 16000 100000 0 0 0
1743694397032210 80 0 75 5 80 81 1 0 0 0 0 1 0 6 6 1 1233 1235 1227 61 0 0 101662758 16070276 0 13699346 3278462 745171 553082344 28579714 61739524861 45980974110 0 31828467507 622235935 262.860825 12415 12415 99320000 620750000 8704 22217 0.560891 160 1280000 8000000 6 48000 300000 2 16000 100000 0 0 0
1743694403966449 80 0 77 3 80 81 1 0 0 0 0 1 0 4 4 1 1233 1235 1229 61 0 0 101662760 16086238 0 13713633 3280580 745438 559958305 28619593 61867691885 46296345166 0 31828467507 623235491 262.833283 12659 12659 101272000 632950000 13191 20581 0.540611 160 1280000 8000000 4 32000 200000 2 16000 100000 0 0 0
1743694410243869 80 0 78 2 80 81 1 0 0 0 0 1 0 2 2 1 1233 1235 1231 61 0 0 101662760 16102000 0 13728148 3281560 745625 566177202 28661141 62370117402 46506758962 0 31828467507 624211748 262.806010 12295 12295 98360000 614750000 19427 18171 0.550922 160 1280000 8000000 2 16000 100000 2 16000 100000 0 0 0
1743694424261147 80 0 79 1 80 81 1 0 0 0 0 1 0 1 1 1 1234 1236 1233 61 0 0 101701791 16271851 0 13896489 3283686 771396 579863476 28755349 62420886895 46817157892 0 31847425671 643327432 262.648472 8991 8991 71928000 449550000 12 16339 0.519151 160 1280000 8000000 1 8000 50000 2 16000 100000 0 0 0
1743694429551093 80 0 79 1 80 81 1 0 0 0 0 1 0 1 1 0 1235 1237 1234 61 0 0 101914344 16280165 0 13904028 3284764 771638 584872105 28814726 62420886895 46865611599 0 32093303788 643832804 264.145658 8631 8631 69048000 431550000 5350 14279 0.513759 160 1280000 8000000 1 8000 50000 2 16000 100000 0 0 0
1743694445031531 80 0 79 1 80 81 1 0 0 0 0 1 0 1 1 1 1235 1237 1234 61 0 0 101914345 16280242 0 13904028 3285534 771843 600350123 28815134 62441372208 46865611599 0 32093303788 643832804 264.145484 8631 8631 69048000 431550000 5350 12262 0.512954 160 1280000 8000000 1 8000 50000 2 16000 100000 0 0 0
1743694452389937 80 0 79 1 80 81 1 0 0 0 0 1 0 1 1 0 1236 1238 1235 61 0 0 102173179 18270879 0 15893837 3287346 772377 605359272 28913283 62441372208 46886096912 0 32366060234 889394161 263.316209 2742 2742 21936000 137100000 10 11011 0.511968 160 1280000 8000000 1 8000 50000 2 16000 100000 0 0 0
1743694470098519 80 0 79 1 80 81 1 0 0 0 0 1 0 1 1 1 1236 1238 1235 61 0 0 102173183 18270976 0 15893837 3287576 772586 623066339 28913757 62464087357 46886096912 0 32366060234 889394161 263.315988 2742 2742 21936000 137100000 10 8524 0.512671 160 1280000 8000000 1 8000 50000 2 16000 100000 0 0 0
1743694578711643 0 0 0 0 0 81 81 80 0 0 0 1 0 0 0 0 1236 1238 1236 61 0 0 102173183 20257226 0 17878981 3288154 772652 623066339 28913936 62464087357 46908812061 0 32366060234 1162136461 261.168613 1560 1560 12480000 78000000 11 7311 0.537038 0 0 0 0 0 0 0 0 0 0 0 0
# timestamp workers_connected workers_init workers_idle workers_busy workers_able workers_joined workers_removed workers_released workers_idled_out workers_blocked workers_fast_aborted workers_lost tasks_waiting tasks_on_workers tasks_running tasks_with_results tasks_submitted tasks_dispatched tasks_done tasks_failed tasks_cancelled tasks_exhausted_attempts time_send time_receive time_send_good time_receive_good time_status_msgs time_internal time_polling time_application time_execute time_execute_good time_execute_exhaustion bytes_sent bytes_received bandwidth capacity_tasks capacity_cores capacity_memory capacity_disk capacity_instantaneous capacity_weighted manager_load total_cores total_memory total_disk committed_cores committed_memory committed_disk max_cores max_memory max_disk min_cores min_memory min_disk
1743698046315449 0 0 0 0 0 0 0 0 0 0 0 0 0 0 0 0 0 0 0 0 0 0 0 0 0 0 0 0 0 0 0 0 0 0 0 1.000000 10 10 5120 10240 10 10 0.000000 0 0 0 0 0 0 0 0 0 0 0 0
1743698053852647 1 0 0 1 1 1 0 0 0 0 0 0 98 1 0 0 99 0 0 0 0 0 2342 63 0 0 380 23648 6980134 196767 0 0 0 393496311 0 1.000000 10 10 5120 10240 10 10 0.424571 2 16000 100000 0 0 0 2 16000 100000 0 0 0
1743698059234600 19 0 3 16 19 19 0 0 0 0 0 0 83 16 14 0 99 15 0 0 0 0 5324768 166 0 0 4636 24167 6980372 196794 0 0 0 6295940976 0 1127.577770 10 10 5120 10240 10 10 0.397353 38 304000 1900000 30 240000 1500000 2 16000 100000 0 0 0
1743698064340786 23 0 0 23 23 23 0 0 0 0 0 0 73 23 23 1 99 26 3 0 0 0 8460361 13320 0 10303 6931 24653 9296630 223808 35915525 26801897 0 9050416152 8256 1018.584168 26 52 416000 2600000 26 12 0.479806 46 368000 2300000 46 368000 2300000 2 16000 100000 0 0 0
1743698069402353 33 0 2 31 33 33 0 0 0 0 0 0 30 31 29 0 99 68 38 0 0 0 11295464 139769 0 111943 20350 27445 10756664 514186 166758070 166758070 0 12198398295 105981 1017.329531 19 38 304000 1900000 39 53 0.387534 66 528000 3300000 60 480000 3000000 2 16000 100000 0 0 0
1743698074793113 36 0 0 36 36 36 0 0 0 0 0 0 1 36 33 0 99 97 62 0 0 0 13409508 222016 0 177906 28349 29199 10757372 715832 249248070 249248070 0 14165887842 172593 991.070991 13 26 208000 1300000 431 67 0.397705 72 576000 3600000 70 560000 3500000 2 16000 100000 0 0 0
1743698079976003 45 0 37 8 45 45 0 0 0 0 0 0 0 8 8 1 99 99 91 0 0 0 16726459 315567 0 252238 41765 31641 15339186 962892 399017699 389041321 0 14165888175 252991 792.739372 10 20 160000 1000000 30 48 0.517539 90 720000 4500000 16 128000 800000 2 16000 100000 0 0 0
1743698086292068 45 0 43 2 45 45 0 0 0 0 0 0 0 2 2 1 99 99 97 0 0 0 16726461 338242 0 270622 286961 32058 21579210 1013935 475246003 457603863 0 14165888175 269213 791.686821 10 20 160000 1000000 31 46 0.579025 90 720000 4500000 4 32000 200000 2 16000 100000 0 0 0
1743698096317519 61 0 60 1 61 61 0 0 0 0 0 0 0 1 1 1 99 99 98 0 0 0 16726471 342001 0 273630 292203 32937 31586120 1022375 496739094 475246003 0 14165888175 271899 791.512153 10 20 160000 1000000 23 44 0.512821 122 976000 6100000 2 16000 100000 2 16000 100000 0 0 0
1743698102426401 61 0 18 43 61 61 0 0 0 0 0 0 79 43 41 0 221 141 99 0 0 0 18788391 346915 0 277684 293369 33334 31586783 1747565 496739094 496739094 0 16920591709 274577 843.310036 10 20 160000 1000000 7 26 0.059188 122 976000 6100000 84 672000 4200000 2 16000 100000 0 0 0
1743698107499287 61 0 14 47 61 61 0 0 0 0 0 0 102 83 80 0 317 214 132 0 0 0 23363243 1829480 0 1732099 313274 68739 31588432 3678805 744721442 744721442 0 18494623726 84156510 703.302519 24 48 384000 2400000 155 167 0.109867 122 976000 6100000 92 736000 4600000 2 16000 100000 0 0 0
1743698112514818 61 0 5 56 61 61 0 0 0 0 0 0 120 103 100 2 365 246 143 0 0 0 27749446 2241852 0 2135136 334920 69909 31589638 4191186 846111658 833448852 0 22036143032 112194723 704.280984 23 43 337960 2112245 14 119 0.262404 122 976000 6100000 110 880000 5500000 2 16000 100000 0 0 0
1743698117515513 61 0 6 55 61 61 0 0 0 0 0 0 123 97 61 37 383 260 163 0 0 0 31468679 2988334 0 2866171 347477 71345 31590449 4733861 1399285216 1028271323 0 22823150127 162941019 636.191093 16 24 188082 1175511 8 31 0.619010 122 976000 6100000 102 816000 5100000 2 16000 100000 0 0 0
1743698122819335 61 0 0 61 61 61 0 0 0 0 0 0 119 115 112 0 470 350 236 0 0 0 32384450 4979757 0 4794802 359568 76961 31592934 6726580 1799644924 1799644924 0 24153182619 355848006 625.562133 10 11 84898 530613 313 53 0.312220 122 976000 6100000 117 936000 5850000 2 16000 100000 0 0 0
1743698127828108 67 0 0 67 67 67 0 0 0 0 0 0 134 131 131 0 519 386 255 0 0 0 35688678 6156200 0 5955024 366762 79131 31731894 7465558 2018220578 2018220578 0 26514201168 494839077 615.555098 16 17 135837 848980 446 204 0.450193 134 1072000 6700000 133 1064000 6650000 2 16000 100000 0 0 0
1743698132836732 67 0 0 67 67 67 0 0 0 0 0 0 134 121 121 0 562 428 307 0 0 0 36959015 7374626 0 7157721 381721 83449 32891153 8808632 2546400482 2546400482 0 26514217791 626295265 583.827758 145 145 1160000 7250000 684 294 0.609075 134 1072000 6700000 124 992000 6200000 2 16000 100000 0 0 0
1743698137856440 73 0 2 71 73 73 0 0 0 0 0 0 146 137 133 4 639 493 356 0 0 0 39196928 8597094 0 8344740 401245 88532 32893274 10338235 3263817994 3227163251 0 28134965781 753615585 576.438160 35 36 285715 1785715 63 150 0.326925 146 1168000 7300000 140 1120000 7000000 2 16000 100000 0 0 0
1743698142888632 73 0 0 73 73 73 0 0 0 0 0 0 146 138 138 0 676 530 392 0 0 0 41036435 9681587 0 9402170 409349 92207 33985258 11342038 3646469145 3646469145 0 28974472872 846004584 560.728166 43 44 351021 2193878 63 310 0.577561 146 1168000 7300000 142 1136000 7100000 2 16000 100000 0 0 0
1743698147946512 73 0 0 73 73 73 0 0 0 0 0 0 141 144 144 1 719 578 434 0 0 0 42387275 11659057 0 11319323 427220 97609 34392304 12667168 4204494148 4192985008 0 29025693384 1049700559 530.695233 51 54 424654 2654082 261 229 0.469577 146 1168000 7300000 146 1168000 7300000 2 16000 100000 0 0 0
1743698152958425 73 0 0 73 73 73 0 0 0 0 0 0 146 133 131 2 772 626 493 0 0 0 43123379 13801535 0 13394817 443582 103037 34798986 14345867 5081142778 5062004441 0 29025712372 1249585531 507.208040 82 82 656000 4100000 59 266 0.694636 146 1168000 7300000 135 1080000 6750000 2 16000 100000 0 0 0
1743698158021811 73 0 0 73 73 73 0 0 0 0 0 0 146 142 138 4 833 687 545 0 0 0 43987846 15699629 0 15334953 857737 107808 34928025 16014310 5822137676 5759514112 0 29126085958 1428539905 488.195588 52 54 424490 2653062 991 734 0.332413 146 1168000 7300000 145 1160000 7250000 2 16000 100000 0 0 0
1743698163234275 73 0 1 72 73 73 0 0 0 0 0 0 144 132 131 0 882 738 606 0 0 0 44403187 18416646 0 18005619 875908 112877 34984181 17720066 6500108320 6500108320 0 29278948843 1721086374 470.614708 62 65 516245 3226531 229 159 0.575020 146 1168000 7300000 136 1088000 6800000 2 16000 100000 0 0 0
1743698168251481 73 0 3 70 73 73 0 0 0 0 0 0 148 96 95 1 914 766 670 0 0 0 44577926 21497316 0 20645468 895023 144725 34993367 19804972 7357972393 7349195997 0 29331110269 1986898420 452.017724 18 19 149878 936735 39 84 0.929729 146 1168000 7300000 98 784000 4900000 2 16000 100000 0 0 0
1743698173480508 79 0 10 69 79 79 0 0 0 0 0 0 158 125 125 0 1013 855 730 0 0 0 44998645 23453047 0 22773732 914772 150435 34995580 22310474 8030573219 8030573219 0 29635662196 2236824346 444.049971 29 30 236735 1479592 320 269 0.341273 158 1264000 7900000 132 1056000 6600000 2 16000 100000 0 0 0
1743698178534454 79 0 7 72 79 79 0 0 0 0 0 0 159 125 120 5 1046 887 762 0 0 0 46255347 25960318 0 25143256 925377 153596 34997196 23534696 8383398948 8350061948 0 30973008048 2509841813 442.171847 28 31 242286 1514286 101 62 0.722764 158 1264000 7900000 131 1048000 6550000 2 16000 100000 0 0 0
1743698183534738 79 0 0 79 79 79 0 0 0 0 0 0 155 148 147 0 1113 959 811 0 0 0 47647788 28325865 0 27025940 938387 158304 34999822 25127752 8980411203 8980411203 0 32258083821 2734532544 439.251743 34 36 283103 1769388 480 276 0.528368 158 1264000 7900000 152 1216000 7600000 2 16000 100000 0 0 0
1743698188561925 79 0 6 73 79 79 0 0 0 0 0 0 159 124 122 2 1151 992 868 0 0 0 47940615 30964142 0 29625495 953136 163002 35186985 27013643 9757305046 9739212293 0 32258096880 3030970799 426.517726 24 26 203756 1273470 21 147 0.851075 158 1264000 7900000 126 1008000 6300000 2 16000 100000 0 0 0
1743698193866207 79 0 2 77 79 79 0 0 0 0 0 0 158 147 141 6 1217 1059 912 0 0 0 49269210 32908073 0 31901355 967392 167410 35405398 28442804 10449766883 10355522029 0 32524244836 3302067562 415.767384 47 49 391347 2445919 25 279 0.600342 158 1264000 7900000 152 1216000 7600000 2 16000 100000 0 0 0
1743698198866651 79 0 8 71 79 79 0 0 0 0 0 0 156 123 121 0 1250 1093 971 0 0 0 49533324 36255722 0 34766417 980740 172428 35407185 30200351 11129115298 11129115298 0 32673733482 3603701884 403.278274 31 33 263184 1644898 162 189 0.527435 158 1264000 7900000 124 992000 6200000 2 16000 100000 0 0 0
1743698204233005 79 0 1 78 79 79 0 0 0 0 0 0 112 152 152 0 1277 1165 1013 0 0 0 51273259 37846456 0 36687694 993077 176754 35919467 31315701 11675327783 11675327783 0 33108722493 3812937957 395.100448 69 71 563266 3520409 497 138 0.391955 158 1264000 7900000 158 1264000 7900000 2 16000 100000 0 0 0
1743698209266956 79 0 0 79 79 79 0 0 0 0 0 0 70 151 151 1 1280 1210 1059 0 0 0 51755215 40116376 0 38465236 1004916 180672 36095543 33797732 12396569784 12386091613 0 33407603652 3981759276 388.120797 15 16 124898 780613 152 171 0.186296 158 1264000 7900000 158 1264000 7900000 2 16000 100000 0 0 0
1743698214293784 79 0 6 73 79 79 0 0 0 0 0 0 71 113 96 17 1281 1210 1097 0 0 0 51755215 44168785 0 42141567 1017965 183242 36096378 34730478 13229155967 12909230231 0 33407603652 4362198958 375.506554 13 14 110368 689796 19 107 0.878034 158 1264000 7900000 118 944000 5900000 2 16000 100000 0 0 0
1743698219314464 79 0 27 52 79 79 0 0 0 0 0 0 59 68 64 4 1284 1225 1157 0 0 0 51850934 46511409 0 45277233 1029380 187625 36097753 36306541 14026259872 13943837615 0 33508155164 4759037621 371.020431 11 12 89796 561225 189 219 0.602867 158 1264000 7900000 72 576000 3600000 2 16000 100000 0 0 0
1743698224338395 79 0 56 23 79 79 0 0 0 0 0 0 42 37 36 0 1287 1245 1208 0 0 0 52266052 50458654 0 48052028 1041362 191209 36099322 37965377 14724123546 14724123546 0 33969803977 5086727426 362.592528 11 12 89796 561225 3 47 0.380675 158 1264000 7900000 43 344000 2150000 2 16000 100000 0 0 0
1743698229621981 79 0 41 38 79 79 0 0 0 0 0 0 0 61 57 4 1288 1288 1227 0 0 0 53083456 53017711 0 50448891 1048372 229209 36503642 39034435 14949902302 14932638440 0 34884585768 5330971417 361.471462 11 12 93388 583674 5 53 0.321514 158 1264000 7900000 77 616000 3850000 2 16000 100000 0 0 0
1743698234636208 79 0 51 28 79 79 0 0 0 0 0 0 1 38 31 7 1289 1288 1250 0 0 0 53083456 56987380 0 54376430 1054873 230773 36504702 39719671 15138952500 15090726016 0 34884585768 5830191024 352.760444 11 13 102368 639796 12 74 0.791463 158 1264000 7900000 48 384000 2400000 2 16000 100000 0 0 0
1743698240386460 79 0 69 10 79 79 0 0 0 0 0 0 2 10 0 10 1290 1288 1278 0 0 0 53083456 61564536 0 59306739 1061284 232644 36506017 40506613 15420605121 15337335084 0 34884585768 6444970262 343.790898 10 13 96327 602041 1 31 0.950404 158 1264000 7900000 15 120000 750000 2 16000 100000 0 0 0
1743698245673687 79 0 74 5 79 79 0 0 0 0 0 0 0 5 3 0 1293 1292 1288 0 0 0 55373895 64861079 0 61477636 1061368 233428 36506799 41027130 15420605121 15420605121 0 37807287949 6723335268 353.205979 10 13 96327 602041 2 20 0.751953 158 1264000 7900000 8 64000 400000 2 16000 100000 0 0 0
1743698258121491 79 0 74 5 79 79 0 0 0 0 0 0 0 5 5 1 1293 1293 1288 0 0 0 55667496 64861122 0 61477636 1062290 233774 48952693 41027332 15433342576 15420605121 0 37807287949 6723335268 352.345463 10 13 96327 602041 2 20 0.540556 158 1264000 7900000 10 80000 500000 2 16000 100000 0 0 0
1743698266190362 79 0 75 4 79 79 0 0 0 0 0 0 0 4 4 0 1294 1294 1290 0 0 0 56055294 68314030 0 64928383 1063179 233974 52960503 41246762 15449253446 15449253446 0 38260001276 7176053169 348.407443 10 13 97960 612245 6 20 0.536198 158 1264000 7900000 8 64000 400000 2 16000 100000 0 0 0
1743698290400116 79 0 76 3 79 79 0 0 0 0 0 0 0 3 3 1 1294 1294 1291 0 0 0 56055300 70956449 0 67569315 1064182 259839 74394698 41352300 15498697406 15470483577 0 38260001276 7519431075 343.737246 10 13 99592 622449 8 20 0.517220 158 1264000 7900000 6 48000 300000 2 16000 100000 0 0 0
1743698298727206 80 0 77 3 80 80 0 0 0 0 0 0 0 3 3 0 1295 1295 1292 0 0 0 56849784 74353317 0 70964883 1065601 260055 78401042 41480548 15498697406 15498697406 0 39056064621 7972121104 341.833177 10 13 101225 632654 8 20 0.513030 160 1280000 8000000 6 48000 300000 2 16000 100000 0 0 0
1743698308545306 80 0 78 2 80 80 0 0 0 0 0 0 0 2 2 0 1295 1295 1293 0 0 0 56849784 74353326 0 78329432 1065944 260083 80853629 41480603 15554663490 15554663490 0 39056064621 8867891846 348.344231 10 13 101225 632654 8 20 0.512991 160 1280000 8000000 6 48000 300000 2 16000 100000 0 0 0
1743698319841008 80 0 78 2 80 80 0 0 0 0 0 0 0 2 2 1 1295 1295 1293 0 0 0 56849788 81719115 0 78329432 1068356 260532 91818471 41807450 15630121027 15554663490 0 39056064621 8867891846 329.827583 10 13 102858 642858 7 20 0.515137 160 1280000 8000000 4 32000 200000 2 16000 100000 0 0 0
1743698328866069 80 0 79 1 80 80 0 0 0 0 0 0 0 1 1 0 1295 1295 1294 0 0 0 56849788 81719115 0 87354036 1068832 260532 91818471 41807450 15630121027 15630121027 0 39056064621 10096693955 338.284582 10 13 102858 642858 7 20 0.515137 160 1280000 8000000 4 32000 200000 2 16000 100000 0 0 0
1743698334592450 80 0 78 2 80 80 0 0 0 0 0 0 0 2 2 0 1296 1296 1294 0 0 0 60160468 90744799 0 87354036 1069434 260683 93841018 42198951 15630121027 15630121027 0 41180632842 10096693955 324.056745 10 14 104490 653062 8 20 0.512640 160 1280000 8000000 4 32000 200000 2 16000 100000 0 0 0
1743698341713134 80 0 78 2 80 80 0 0 0 0 0 0 0 2 2 1 1296 1296 1294 0 0 0 60160468 90744817 0 87354036 1069504 260734 100961022 42199165 15677110996 15630121027 0 41180632842 10096693955 324.056706 10 14 104490 653062 8 20 0.512733 160 1280000 8000000 4 32000 200000 2 16000 100000 0 0 0
1743698347753629 80 0 79 1 80 80 0 0 0 0 0 0 0 1 1 0 1296 1296 1295 0 0 0 60160468 90744817 0 93394313 1069863 260734 100961022 42199165 15677110996 15677110996 0 41180632842 10892733123 329.087425 10 14 104490 653062 8 20 0.512733 160 1280000 8000000 4 32000 200000 2 16000 100000 0 0 0
1743698460425355 80 0 79 1 80 80 0 0 0 0 0 0 0 1 1 1 1296 1296 1295 0 0 0 60160491 96786778 0 93394313 1078207 314091 213364867 42403202 15804946087 15677110996 0 41180632842 10892733123 316.418578 10 14 106123 663266 7 20 0.512821 160 1280000 8000000 2 16000 100000 2 16000 100000 0 0 0
1743698476691730 80 0 80 0 80 80 0 0 0 0 0 0 0 0 0 0 1296 1296 1296 0 0 0 60160491 96786778 0 109659865 1078734 314091 213364867 42403202 15804946087 15804946087 0 41180632842 13017276577 329.328153 10 14 106123 663266 7 20 0.512821 160 1280000 8000000 2 16000 100000 2 16000 100000 0 0 0
1743698482124393 80 0 79 1 80 80 0 0 0 0 0 0 0 1 0 0 1297 1296 1296 0 0 0 60160491 113055859 0 109659865 1078736 338496 213364953 43015539 15804946087 15804946087 0 44101211023 13017276577 314.476287 10 14 107756 673470 7 20 0.510321 160 1280000 8000000 0 0 0 2 16000 100000 0 0 0
1743698695227530 80 0 79 1 80 80 0 0 0 0 0 0 0 1 1 1 1297 1297 1296 0 0 0 64953556 113056650 0 109659865 1094726 418947 426364915 43020688 16018034892 15804946087 0 44101211023 13017276577 306.007368 10 14 107756 673470 7 20 0.512821 160 1280000 8000000 2 16000 100000 2 16000 100000 0 0 0
1743698718032062 80 0 80 0 80 80 0 0 0 0 0 0 0 0 0 0 1297 1297 1297 0 0 0 64953556 113056650 0 132464161 1095111 418947 426364915 43020688 16018034892 16018034892 0 44101211023 15937830788 321.653985 10 14 107756 673470 7 20 0.512821 160 1280000 8000000 2 16000 100000 2 16000 100000 0 0 0
1743700697828016 0 0 0 0 0 80 80 80 0 0 0 0 0 0 0 0 1297 1297 1297 0 0 0 64953556 135861751 0 132464161 1095111 419011 426364915 43020743 16018034892 16018034892 0 44101211023 15937830788 285.126134 10 14 109388 683674 8 20 0.537179 0 0 0 0 0 0 0 0 0 0 0 0
